2025-10-28 08:59:56.211 [info] [main] Log level: Info
2025-10-28 08:59:56.211 [info] [main] Validating found git in: "git"
2025-10-28 08:59:56.211 [info] [main] Using git "2.43.0" from "git"
2025-10-28 08:59:56.211 [info] [Model][doInitialScan] Initial repository scan started
2025-10-28 08:59:56.211 [info] > git rev-parse --show-toplevel [94ms]
2025-10-28 08:59:56.211 [info] fatal: not a git repository (or any parent up to mount point /)
Stopping at filesystem boundary (GIT_DISCOVERY_ACROSS_FILESYSTEM not set).
2025-10-28 08:59:56.211 [info] > git rev-parse --show-toplevel [4ms]
2025-10-28 08:59:56.211 [info] fatal: not a git repository (or any parent up to mount point /)
Stopping at filesystem boundary (GIT_DISCOVERY_ACROSS_FILESYSTEM not set).
2025-10-28 08:59:56.211 [info] > git rev-parse --show-toplevel [2ms]
2025-10-28 08:59:56.211 [info] fatal: not a git repository (or any parent up to mount point /)
Stopping at filesystem boundary (GIT_DISCOVERY_ACROSS_FILESYSTEM not set).
2025-10-28 08:59:56.219 [info] > git rev-parse --show-toplevel [2ms]
2025-10-28 08:59:56.219 [info] fatal: not a git repository (or any parent up to mount point /)
Stopping at filesystem boundary (GIT_DISCOVERY_ACROSS_FILESYSTEM not set).
2025-10-28 08:59:56.232 [info] > git rev-parse --show-toplevel [7ms]
2025-10-28 08:59:56.232 [info] fatal: not a git repository (or any parent up to mount point /)
Stopping at filesystem boundary (GIT_DISCOVERY_ACROSS_FILESYSTEM not set).
2025-10-28 08:59:56.241 [info] > git rev-parse --show-toplevel [4ms]
2025-10-28 08:59:56.241 [info] fatal: not a git repository (or any parent up to mount point /)
Stopping at filesystem boundary (GIT_DISCOVERY_ACROSS_FILESYSTEM not set).
2025-10-28 08:59:56.250 [info] > git rev-parse --show-toplevel [2ms]
2025-10-28 08:59:56.250 [info] fatal: not a git repository (or any parent up to mount point /)
Stopping at filesystem boundary (GIT_DISCOVERY_ACROSS_FILESYSTEM not set).
2025-10-28 08:59:56.257 [info] > git rev-parse --show-toplevel [2ms]
2025-10-28 08:59:56.257 [info] fatal: not a git repository (or any parent up to mount point /)
Stopping at filesystem boundary (GIT_DISCOVERY_ACROSS_FILESYSTEM not set).
2025-10-28 08:59:56.264 [info] > git rev-parse --show-toplevel [2ms]
2025-10-28 08:59:56.265 [info] fatal: not a git repository (or any parent up to mount point /)
Stopping at filesystem boundary (GIT_DISCOVERY_ACROSS_FILESYSTEM not set).
2025-10-28 08:59:56.271 [info] > git rev-parse --show-toplevel [2ms]
2025-10-28 08:59:56.271 [info] fatal: not a git repository (or any parent up to mount point /)
Stopping at filesystem boundary (GIT_DISCOVERY_ACROSS_FILESYSTEM not set).
2025-10-28 08:59:56.278 [info] > git rev-parse --show-toplevel [2ms]
2025-10-28 08:59:56.278 [info] fatal: not a git repository (or any parent up to mount point /)
Stopping at filesystem boundary (GIT_DISCOVERY_ACROSS_FILESYSTEM not set).
2025-10-28 08:59:56.287 [info] > git rev-parse --show-toplevel [3ms]
2025-10-28 08:59:56.287 [info] fatal: not a git repository (or any parent up to mount point /)
Stopping at filesystem boundary (GIT_DISCOVERY_ACROSS_FILESYSTEM not set).
2025-10-28 08:59:56.288 [info] [Model][doInitialScan] Initial repository scan completed - repositories (0), closed repositories (0), parent repositories (0), unsafe repositories (0)
2025-10-28 08:59:56.422 [info] > git rev-parse --show-toplevel [8ms]
2025-10-28 08:59:56.422 [info] fatal: not a git repository (or any parent up to mount point /)
Stopping at filesystem boundary (GIT_DISCOVERY_ACROSS_FILESYSTEM not set).
