2025-11-03 23:39:42.499 [info] Unable to load library https://www.gstatic.com/firebasejs/11.6.1/firebase-app.ts at /google/devshell/editor/code-oss-for-cloud-shell/extensions/node_modules/typescript/lib/https:/www.gstatic.com/firebasejs/11.6.1/firebase-app.ts
2025-11-03 23:39:42.499 [info] Unable to load library https://www.gstatic.com/firebasejs/11.6.1/firebase-app.tsx at /google/devshell/editor/code-oss-for-cloud-shell/extensions/node_modules/typescript/lib/https:/www.gstatic.com/firebasejs/11.6.1/firebase-app.tsx
2025-11-03 23:39:42.500 [info] Unable to load library https://www.gstatic.com/firebasejs/11.6.1/firebase-app.d.ts at /google/devshell/editor/code-oss-for-cloud-shell/extensions/node_modules/typescript/lib/https:/www.gstatic.com/firebasejs/11.6.1/firebase-app.d.ts
2025-11-03 23:39:42.500 [info] Unable to load library https://www.gstatic.com/firebasejs/11.6.1/firebase-app.js.ts at /google/devshell/editor/code-oss-for-cloud-shell/extensions/node_modules/typescript/lib/https:/www.gstatic.com/firebasejs/11.6.1/firebase-app.js.ts
2025-11-03 23:39:42.500 [info] Unable to load library https://www.gstatic.com/firebasejs/11.6.1/firebase-app.js.tsx at /google/devshell/editor/code-oss-for-cloud-shell/extensions/node_modules/typescript/lib/https:/www.gstatic.com/firebasejs/11.6.1/firebase-app.js.tsx
2025-11-03 23:39:42.500 [info] Unable to load library https://www.gstatic.com/firebasejs/11.6.1/firebase-app.js.d.ts at /google/devshell/editor/code-oss-for-cloud-shell/extensions/node_modules/typescript/lib/https:/www.gstatic.com/firebasejs/11.6.1/firebase-app.js.d.ts
2025-11-03 23:39:42.500 [info] Unable to load library https://www.gstatic.com/firebasejs/11.6.1/firebase-app.js/package.json at /google/devshell/editor/code-oss-for-cloud-shell/extensions/node_modules/typescript/lib/https:/www.gstatic.com/firebasejs/11.6.1/firebase-app.js/package.json
2025-11-03 23:39:42.500 [info] Unable to load library file:///home/wavie3582/public/node_modules/@types/https:/package.json at /google/devshell/editor/code-oss-for-cloud-shell/extensions/node_modules/typescript/lib/file:/home/wavie3582/public/node_modules/@types/https:/package.json
2025-11-03 23:39:42.501 [info] Unable to load library https://www.gstatic.com/firebasejs/11.6.1/firebase-app.js/index.d.ts at /google/devshell/editor/code-oss-for-cloud-shell/extensions/node_modules/typescript/lib/https:/www.gstatic.com/firebasejs/11.6.1/firebase-app.js/index.d.ts
2025-11-03 23:39:42.502 [info] Unable to load library file:///home/wavie3582/node_modules/@types/https:/package.json at /google/devshell/editor/code-oss-for-cloud-shell/extensions/node_modules/typescript/lib/file:/home/wavie3582/node_modules/@types/https:/package.json
2025-11-03 23:39:42.502 [info] Unable to load library file:///home/node_modules/@types/https:/package.json at /google/devshell/editor/code-oss-for-cloud-shell/extensions/node_modules/typescript/lib/file:/home/node_modules/@types/https:/package.json
2025-11-03 23:39:42.502 [info] Unable to load library file:///node_modules/@types/https:/package.json at /google/devshell/editor/code-oss-for-cloud-shell/extensions/node_modules/typescript/lib/file:/node_modules/@types/https:/package.json
2025-11-03 23:39:42.503 [info] Unable to load library https://www.gstatic.com/firebasejs/11.6.1/firebase-app.js at /google/devshell/editor/code-oss-for-cloud-shell/extensions/node_modules/typescript/lib/https:/www.gstatic.com/firebasejs/11.6.1/firebase-app.js
2025-11-03 23:39:42.503 [info] Unable to load library https://www.gstatic.com/firebasejs/11.6.1/firebase-app.jsx at /google/devshell/editor/code-oss-for-cloud-shell/extensions/node_modules/typescript/lib/https:/www.gstatic.com/firebasejs/11.6.1/firebase-app.jsx
2025-11-03 23:39:42.503 [info] Unable to load library https://www.gstatic.com/firebasejs/11.6.1/firebase-app.js.js at /google/devshell/editor/code-oss-for-cloud-shell/extensions/node_modules/typescript/lib/https:/www.gstatic.com/firebasejs/11.6.1/firebase-app.js.js
2025-11-03 23:39:42.504 [info] Unable to load library https://www.gstatic.com/firebasejs/11.6.1/firebase-app.js.jsx at /google/devshell/editor/code-oss-for-cloud-shell/extensions/node_modules/typescript/lib/https:/www.gstatic.com/firebasejs/11.6.1/firebase-app.js.jsx
2025-11-03 23:39:42.504 [info] Unable to load library https://www.gstatic.com/firebasejs/11.6.1/firebase-auth.ts at /google/devshell/editor/code-oss-for-cloud-shell/extensions/node_modules/typescript/lib/https:/www.gstatic.com/firebasejs/11.6.1/firebase-auth.ts
2025-11-03 23:39:42.504 [info] Unable to load library https://www.gstatic.com/firebasejs/11.6.1/firebase-auth.tsx at /google/devshell/editor/code-oss-for-cloud-shell/extensions/node_modules/typescript/lib/https:/www.gstatic.com/firebasejs/11.6.1/firebase-auth.tsx
2025-11-03 23:39:42.505 [info] Unable to load library https://www.gstatic.com/firebasejs/11.6.1/firebase-auth.d.ts at /google/devshell/editor/code-oss-for-cloud-shell/extensions/node_modules/typescript/lib/https:/www.gstatic.com/firebasejs/11.6.1/firebase-auth.d.ts
2025-11-03 23:39:42.505 [info] Unable to load library https://www.gstatic.com/firebasejs/11.6.1/firebase-auth.js.ts at /google/devshell/editor/code-oss-for-cloud-shell/extensions/node_modules/typescript/lib/https:/www.gstatic.com/firebasejs/11.6.1/firebase-auth.js.ts
2025-11-03 23:39:42.505 [info] Unable to load library https://www.gstatic.com/firebasejs/11.6.1/firebase-auth.js.tsx at /google/devshell/editor/code-oss-for-cloud-shell/extensions/node_modules/typescript/lib/https:/www.gstatic.com/firebasejs/11.6.1/firebase-auth.js.tsx
2025-11-03 23:39:42.505 [info] Unable to load library https://www.gstatic.com/firebasejs/11.6.1/firebase-auth.js.d.ts at /google/devshell/editor/code-oss-for-cloud-shell/extensions/node_modules/typescript/lib/https:/www.gstatic.com/firebasejs/11.6.1/firebase-auth.js.d.ts
2025-11-03 23:39:42.505 [info] Unable to load library https://www.gstatic.com/firebasejs/11.6.1/firebase-auth.js/package.json at /google/devshell/editor/code-oss-for-cloud-shell/extensions/node_modules/typescript/lib/https:/www.gstatic.com/firebasejs/11.6.1/firebase-auth.js/package.json
2025-11-03 23:39:42.505 [info] Unable to load library https://www.gstatic.com/firebasejs/11.6.1/firebase-auth.js/index.d.ts at /google/devshell/editor/code-oss-for-cloud-shell/extensions/node_modules/typescript/lib/https:/www.gstatic.com/firebasejs/11.6.1/firebase-auth.js/index.d.ts
2025-11-03 23:39:42.506 [info] Unable to load library https://www.gstatic.com/firebasejs/11.6.1/firebase-auth.js at /google/devshell/editor/code-oss-for-cloud-shell/extensions/node_modules/typescript/lib/https:/www.gstatic.com/firebasejs/11.6.1/firebase-auth.js
2025-11-03 23:39:42.506 [info] Unable to load library https://www.gstatic.com/firebasejs/11.6.1/firebase-auth.jsx at /google/devshell/editor/code-oss-for-cloud-shell/extensions/node_modules/typescript/lib/https:/www.gstatic.com/firebasejs/11.6.1/firebase-auth.jsx
2025-11-03 23:39:42.506 [info] Unable to load library https://www.gstatic.com/firebasejs/11.6.1/firebase-auth.js.js at /google/devshell/editor/code-oss-for-cloud-shell/extensions/node_modules/typescript/lib/https:/www.gstatic.com/firebasejs/11.6.1/firebase-auth.js.js
2025-11-03 23:39:42.506 [info] Unable to load library https://www.gstatic.com/firebasejs/11.6.1/firebase-auth.js.jsx at /google/devshell/editor/code-oss-for-cloud-shell/extensions/node_modules/typescript/lib/https:/www.gstatic.com/firebasejs/11.6.1/firebase-auth.js.jsx
2025-11-03 23:39:42.506 [info] Unable to load library https://www.gstatic.com/firebasejs/11.6.1/firebase-firestore.ts at /google/devshell/editor/code-oss-for-cloud-shell/extensions/node_modules/typescript/lib/https:/www.gstatic.com/firebasejs/11.6.1/firebase-firestore.ts
2025-11-03 23:39:42.507 [info] Unable to load library https://www.gstatic.com/firebasejs/11.6.1/firebase-firestore.tsx at /google/devshell/editor/code-oss-for-cloud-shell/extensions/node_modules/typescript/lib/https:/www.gstatic.com/firebasejs/11.6.1/firebase-firestore.tsx
2025-11-03 23:39:42.507 [info] Unable to load library https://www.gstatic.com/firebasejs/11.6.1/firebase-firestore.d.ts at /google/devshell/editor/code-oss-for-cloud-shell/extensions/node_modules/typescript/lib/https:/www.gstatic.com/firebasejs/11.6.1/firebase-firestore.d.ts
2025-11-03 23:39:42.507 [info] Unable to load library https://www.gstatic.com/firebasejs/11.6.1/firebase-firestore.js.ts at /google/devshell/editor/code-oss-for-cloud-shell/extensions/node_modules/typescript/lib/https:/www.gstatic.com/firebasejs/11.6.1/firebase-firestore.js.ts
2025-11-03 23:39:42.507 [info] Unable to load library https://www.gstatic.com/firebasejs/11.6.1/firebase-firestore.js.tsx at /google/devshell/editor/code-oss-for-cloud-shell/extensions/node_modules/typescript/lib/https:/www.gstatic.com/firebasejs/11.6.1/firebase-firestore.js.tsx
2025-11-03 23:39:42.507 [info] Unable to load library https://www.gstatic.com/firebasejs/11.6.1/firebase-firestore.js.d.ts at /google/devshell/editor/code-oss-for-cloud-shell/extensions/node_modules/typescript/lib/https:/www.gstatic.com/firebasejs/11.6.1/firebase-firestore.js.d.ts
2025-11-03 23:39:42.508 [info] Unable to load library https://www.gstatic.com/firebasejs/11.6.1/firebase-firestore.js/package.json at /google/devshell/editor/code-oss-for-cloud-shell/extensions/node_modules/typescript/lib/https:/www.gstatic.com/firebasejs/11.6.1/firebase-firestore.js/package.json
2025-11-03 23:39:42.508 [info] Unable to load library https://www.gstatic.com/firebasejs/11.6.1/firebase-firestore.js/index.d.ts at /google/devshell/editor/code-oss-for-cloud-shell/extensions/node_modules/typescript/lib/https:/www.gstatic.com/firebasejs/11.6.1/firebase-firestore.js/index.d.ts
2025-11-03 23:39:42.509 [info] Unable to load library https://www.gstatic.com/firebasejs/11.6.1/firebase-firestore.js at /google/devshell/editor/code-oss-for-cloud-shell/extensions/node_modules/typescript/lib/https:/www.gstatic.com/firebasejs/11.6.1/firebase-firestore.js
2025-11-03 23:39:42.509 [info] Unable to load library https://www.gstatic.com/firebasejs/11.6.1/firebase-firestore.jsx at /google/devshell/editor/code-oss-for-cloud-shell/extensions/node_modules/typescript/lib/https:/www.gstatic.com/firebasejs/11.6.1/firebase-firestore.jsx
2025-11-03 23:39:42.509 [info] Unable to load library https://www.gstatic.com/firebasejs/11.6.1/firebase-firestore.js.js at /google/devshell/editor/code-oss-for-cloud-shell/extensions/node_modules/typescript/lib/https:/www.gstatic.com/firebasejs/11.6.1/firebase-firestore.js.js
2025-11-03 23:39:42.509 [info] Unable to load library https://www.gstatic.com/firebasejs/11.6.1/firebase-firestore.js.jsx at /google/devshell/editor/code-oss-for-cloud-shell/extensions/node_modules/typescript/lib/https:/www.gstatic.com/firebasejs/11.6.1/firebase-firestore.js.jsx
