2025-11-04 01:19:09.785 [info] [main] Log level: Info
2025-11-04 01:19:09.785 [info] [main] Validating found git in: "git"
2025-11-04 01:19:09.785 [info] [main] Using git "2.43.0" from "git"
2025-11-04 01:19:09.785 [info] [Model][doInitialScan] Initial repository scan started
2025-11-04 01:19:09.785 [info] > git rev-parse --show-toplevel [21ms]
2025-11-04 01:19:09.785 [info] fatal: not a git repository (or any parent up to mount point /)
Stopping at filesystem boundary (GIT_DISCOVERY_ACROSS_FILESYSTEM not set).
2025-11-04 01:19:09.785 [info] > git rev-parse --show-toplevel [3ms]
2025-11-04 01:19:09.785 [info] fatal: not a git repository (or any parent up to mount point /)
Stopping at filesystem boundary (GIT_DISCOVERY_ACROSS_FILESYSTEM not set).
2025-11-04 01:19:09.797 [info] > git rev-parse --show-toplevel [4ms]
2025-11-04 01:19:09.797 [info] fatal: not a git repository (or any parent up to mount point /)
Stopping at filesystem boundary (GIT_DISCOVERY_ACROSS_FILESYSTEM not set).
2025-11-04 01:19:09.809 [info] > git rev-parse --show-toplevel [2ms]
2025-11-04 01:19:09.809 [info] fatal: not a git repository (or any parent up to mount point /)
Stopping at filesystem boundary (GIT_DISCOVERY_ACROSS_FILESYSTEM not set).
2025-11-04 01:19:09.816 [info] > git rev-parse --show-toplevel [1ms]
2025-11-04 01:19:09.816 [info] fatal: not a git repository (or any parent up to mount point /)
Stopping at filesystem boundary (GIT_DISCOVERY_ACROSS_FILESYSTEM not set).
2025-11-04 01:19:09.825 [info] > git rev-parse --show-toplevel [1ms]
2025-11-04 01:19:09.825 [info] fatal: not a git repository (or any parent up to mount point /)
Stopping at filesystem boundary (GIT_DISCOVERY_ACROSS_FILESYSTEM not set).
2025-11-04 01:19:09.851 [info] > git rev-parse --show-toplevel [1ms]
2025-11-04 01:19:09.851 [info] fatal: not a git repository (or any parent up to mount point /)
Stopping at filesystem boundary (GIT_DISCOVERY_ACROSS_FILESYSTEM not set).
2025-11-04 01:19:09.860 [info] > git rev-parse --show-toplevel [1ms]
2025-11-04 01:19:09.860 [info] fatal: not a git repository (or any parent up to mount point /)
Stopping at filesystem boundary (GIT_DISCOVERY_ACROSS_FILESYSTEM not set).
2025-11-04 01:19:09.866 [info] > git rev-parse --show-toplevel [1ms]
2025-11-04 01:19:09.866 [info] fatal: not a git repository (or any parent up to mount point /)
Stopping at filesystem boundary (GIT_DISCOVERY_ACROSS_FILESYSTEM not set).
2025-11-04 01:19:09.872 [info] > git rev-parse --show-toplevel [1ms]
2025-11-04 01:19:09.872 [info] fatal: not a git repository (or any parent up to mount point /)
Stopping at filesystem boundary (GIT_DISCOVERY_ACROSS_FILESYSTEM not set).
2025-11-04 01:19:09.872 [info] [Model][doInitialScan] Initial repository scan completed - repositories (0), closed repositories (0), parent repositories (0), unsafe repositories (0)
2025-11-04 01:19:15.314 [info] > git rev-parse --show-toplevel [2ms]
2025-11-04 01:19:15.314 [info] fatal: not a git repository (or any parent up to mount point /)
Stopping at filesystem boundary (GIT_DISCOVERY_ACROSS_FILESYSTEM not set).
2025-11-04 01:19:49.550 [info] > git rev-parse --show-toplevel [3ms]
2025-11-04 01:19:49.550 [info] fatal: not a git repository (or any parent up to mount point /)
Stopping at filesystem boundary (GIT_DISCOVERY_ACROSS_FILESYSTEM not set).
2025-11-04 01:19:49.559 [info] > git rev-parse --show-toplevel [2ms]
2025-11-04 01:19:49.559 [info] fatal: not a git repository (or any parent up to mount point /)
Stopping at filesystem boundary (GIT_DISCOVERY_ACROSS_FILESYSTEM not set).
2025-11-04 01:19:49.569 [info] > git rev-parse --show-toplevel [2ms]
2025-11-04 01:19:49.569 [info] fatal: not a git repository (or any parent up to mount point /)
Stopping at filesystem boundary (GIT_DISCOVERY_ACROSS_FILESYSTEM not set).
2025-11-04 01:20:19.629 [info] > git rev-parse --show-toplevel [2ms]
2025-11-04 01:20:19.629 [info] fatal: not a git repository (or any parent up to mount point /)
Stopping at filesystem boundary (GIT_DISCOVERY_ACROSS_FILESYSTEM not set).
2025-11-04 01:20:28.671 [info] > git rev-parse --show-toplevel [2ms]
2025-11-04 01:20:28.671 [info] fatal: not a git repository (or any parent up to mount point /)
Stopping at filesystem boundary (GIT_DISCOVERY_ACROSS_FILESYSTEM not set).
