2025-10-28 08:57:15.355 [info] [main] Log level: Info
2025-10-28 08:57:15.355 [info] [main] Validating found git in: "git"
2025-10-28 08:57:15.355 [info] [main] Using git "2.43.0" from "git"
2025-10-28 08:57:15.355 [info] [Model][doInitialScan] Initial repository scan started
2025-10-28 08:57:15.355 [info] > git rev-parse --show-toplevel [5ms]
2025-10-28 08:57:15.355 [info] fatal: not a git repository (or any parent up to mount point /)
Stopping at filesystem boundary (GIT_DISCOVERY_ACROSS_FILESYSTEM not set).
2025-10-28 08:57:15.355 [info] > git rev-parse --show-toplevel [1ms]
2025-10-28 08:57:15.355 [info] fatal: not a git repository (or any parent up to mount point /)
Stopping at filesystem boundary (GIT_DISCOVERY_ACROSS_FILESYSTEM not set).
2025-10-28 08:57:15.355 [info] > git rev-parse --show-toplevel [2ms]
2025-10-28 08:57:15.355 [info] fatal: not a git repository (or any parent up to mount point /)
Stopping at filesystem boundary (GIT_DISCOVERY_ACROSS_FILESYSTEM not set).
2025-10-28 08:57:15.355 [info] > git rev-parse --show-toplevel [2ms]
2025-10-28 08:57:15.355 [info] fatal: not a git repository (or any parent up to mount point /)
Stopping at filesystem boundary (GIT_DISCOVERY_ACROSS_FILESYSTEM not set).
2025-10-28 08:57:15.355 [info] > git rev-parse --show-toplevel [2ms]
2025-10-28 08:57:15.355 [info] fatal: not a git repository (or any parent up to mount point /)
Stopping at filesystem boundary (GIT_DISCOVERY_ACROSS_FILESYSTEM not set).
2025-10-28 08:57:15.355 [info] > git rev-parse --show-toplevel [1ms]
2025-10-28 08:57:15.355 [info] fatal: not a git repository (or any parent up to mount point /)
Stopping at filesystem boundary (GIT_DISCOVERY_ACROSS_FILESYSTEM not set).
2025-10-28 08:57:15.355 [info] > git rev-parse --show-toplevel [2ms]
2025-10-28 08:57:15.355 [info] fatal: not a git repository (or any parent up to mount point /)
Stopping at filesystem boundary (GIT_DISCOVERY_ACROSS_FILESYSTEM not set).
2025-10-28 08:57:15.355 [info] > git rev-parse --show-toplevel [1ms]
2025-10-28 08:57:15.355 [info] fatal: not a git repository (or any parent up to mount point /)
Stopping at filesystem boundary (GIT_DISCOVERY_ACROSS_FILESYSTEM not set).
2025-10-28 08:57:15.355 [info] [Model][doInitialScan] Initial repository scan completed - repositories (0), closed repositories (0), parent repositories (0), unsafe repositories (0)
2025-10-28 08:57:15.521 [info] > git rev-parse --show-toplevel [3ms]
2025-10-28 08:57:15.521 [info] fatal: not a git repository (or any parent up to mount point /)
Stopping at filesystem boundary (GIT_DISCOVERY_ACROSS_FILESYSTEM not set).
2025-10-28 08:57:20.218 [info] > git rev-parse --show-toplevel [253ms]
2025-10-28 08:57:20.218 [info] fatal: not a git repository (or any parent up to mount point /)
Stopping at filesystem boundary (GIT_DISCOVERY_ACROSS_FILESYSTEM not set).
