2025-10-28 09:50:39.408 [info] [main] Log level: Info
2025-10-28 09:50:39.408 [info] [main] Validating found git in: "git"
2025-10-28 09:50:39.408 [info] [main] Using git "2.43.0" from "git"
2025-10-28 09:50:39.408 [info] [Model][doInitialScan] Initial repository scan started
2025-10-28 09:50:39.408 [info] > git rev-parse --show-toplevel [2ms]
2025-10-28 09:50:39.408 [info] fatal: not a git repository (or any parent up to mount point /)
Stopping at filesystem boundary (GIT_DISCOVERY_ACROSS_FILESYSTEM not set).
2025-10-28 09:50:39.409 [info] > git rev-parse --show-toplevel [3ms]
2025-10-28 09:50:39.409 [info] fatal: not a git repository (or any parent up to mount point /)
Stopping at filesystem boundary (GIT_DISCOVERY_ACROSS_FILESYSTEM not set).
2025-10-28 09:50:39.415 [info] > git rev-parse --show-toplevel [2ms]
2025-10-28 09:50:39.415 [info] fatal: not a git repository (or any parent up to mount point /)
Stopping at filesystem boundary (GIT_DISCOVERY_ACROSS_FILESYSTEM not set).
2025-10-28 09:50:39.420 [info] > git rev-parse --show-toplevel [2ms]
2025-10-28 09:50:39.420 [info] fatal: not a git repository (or any parent up to mount point /)
Stopping at filesystem boundary (GIT_DISCOVERY_ACROSS_FILESYSTEM not set).
2025-10-28 09:50:39.424 [info] > git rev-parse --show-toplevel [1ms]
2025-10-28 09:50:39.424 [info] fatal: not a git repository (or any parent up to mount point /)
Stopping at filesystem boundary (GIT_DISCOVERY_ACROSS_FILESYSTEM not set).
2025-10-28 09:50:39.429 [info] > git rev-parse --show-toplevel [2ms]
2025-10-28 09:50:39.429 [info] fatal: not a git repository (or any parent up to mount point /)
Stopping at filesystem boundary (GIT_DISCOVERY_ACROSS_FILESYSTEM not set).
2025-10-28 09:50:39.434 [info] > git rev-parse --show-toplevel [1ms]
2025-10-28 09:50:39.434 [info] fatal: not a git repository (or any parent up to mount point /)
Stopping at filesystem boundary (GIT_DISCOVERY_ACROSS_FILESYSTEM not set).
2025-10-28 09:50:39.438 [info] > git rev-parse --show-toplevel [2ms]
2025-10-28 09:50:39.438 [info] fatal: not a git repository (or any parent up to mount point /)
Stopping at filesystem boundary (GIT_DISCOVERY_ACROSS_FILESYSTEM not set).
2025-10-28 09:50:39.439 [info] [Model][doInitialScan] Initial repository scan completed - repositories (0), closed repositories (0), parent repositories (0), unsafe repositories (0)
2025-10-28 09:50:40.971 [info] > git rev-parse --show-toplevel [2ms]
2025-10-28 09:50:40.971 [info] fatal: not a git repository (or any parent up to mount point /)
Stopping at filesystem boundary (GIT_DISCOVERY_ACROSS_FILESYSTEM not set).
2025-10-28 09:50:41.326 [info] > git rev-parse --show-toplevel [11ms]
2025-10-28 09:50:41.326 [info] fatal: not a git repository (or any parent up to mount point /)
Stopping at filesystem boundary (GIT_DISCOVERY_ACROSS_FILESYSTEM not set).
2025-10-28 09:50:42.714 [info] > git rev-parse --show-toplevel [2ms]
2025-10-28 09:50:42.714 [info] fatal: not a git repository (or any parent up to mount point /)
Stopping at filesystem boundary (GIT_DISCOVERY_ACROSS_FILESYSTEM not set).
2025-10-28 09:50:42.720 [info] > git rev-parse --show-toplevel [2ms]
2025-10-28 09:50:42.720 [info] fatal: not a git repository (or any parent up to mount point /)
Stopping at filesystem boundary (GIT_DISCOVERY_ACROSS_FILESYSTEM not set).
2025-10-28 09:50:58.605 [info] > git rev-parse --show-toplevel [2ms]
2025-10-28 09:50:58.605 [info] fatal: not a git repository (or any parent up to mount point /)
Stopping at filesystem boundary (GIT_DISCOVERY_ACROSS_FILESYSTEM not set).
2025-10-28 09:50:58.619 [info] > git rev-parse --show-toplevel [1ms]
2025-10-28 09:50:58.619 [info] fatal: not a git repository (or any parent up to mount point /)
Stopping at filesystem boundary (GIT_DISCOVERY_ACROSS_FILESYSTEM not set).
2025-10-28 09:51:41.862 [info] > git rev-parse --show-toplevel [3ms]
2025-10-28 09:51:41.862 [info] fatal: not a git repository (or any parent up to mount point /)
Stopping at filesystem boundary (GIT_DISCOVERY_ACROSS_FILESYSTEM not set).
2025-10-28 09:51:51.614 [info] > git rev-parse --show-toplevel [3ms]
2025-10-28 09:51:51.614 [info] fatal: not a git repository (or any parent up to mount point /)
Stopping at filesystem boundary (GIT_DISCOVERY_ACROSS_FILESYSTEM not set).
2025-10-28 09:54:35.303 [info] > git rev-parse --show-toplevel [4ms]
2025-10-28 09:54:35.303 [info] fatal: not a git repository (or any parent up to mount point /)
Stopping at filesystem boundary (GIT_DISCOVERY_ACROSS_FILESYSTEM not set).
