Initializing document watcher...
Document watcher initialized
wavie3582/app.js: {}
wavie3582/app.js: {}
wavie3582/app.js: {}
wavie3582/app.js: {}
wavie3582/app.js: {}
wavie3582/app.js: {}
wavie3582/app.js: {}
wavie3582/public/app.js: {}
wavie3582/public/app.js: {}
wavie3582/public/index.html: {}
wavie3582/public/index.html: {}
wavie3582/Dockerfile: {}
wavie3582/Dockerfile: {}
wavie3582/Dockerfile: {}
wavie3582/Dockerfile: Using EditorConfig core...
wavie3582/Dockerfile: Using EditorConfig core...
wavie3582/Dockerfile: Using EditorConfig core...
wavie3582/Dockerfile: {}
wavie3582/public/index.html: {}
wavie3582/public/index.html: {}
wavie3582/public/index.html: {}
