2025-11-11 18:03:41.545 [info] [main] Log level: Info
2025-11-11 18:03:41.545 [info] [main] Validating found git in: "git"
2025-11-11 18:03:41.545 [info] [main] Using git "2.43.0" from "git"
2025-11-11 18:03:41.545 [info] [Model][doInitialScan] Initial repository scan started
2025-11-11 18:03:41.545 [info] > git rev-parse --show-toplevel [4ms]
2025-11-11 18:03:41.545 [info] > git rev-parse --git-dir --git-common-dir [3ms]
2025-11-11 18:03:41.545 [info] [Model][openRepository] Opened repository (path): /home/wavie3582
2025-11-11 18:03:41.545 [info] [Model][openRepository] Opened repository (real path): /home/wavie3582
2025-11-11 18:03:41.545 [info] > git rev-parse --show-toplevel [13ms]
2025-11-11 18:03:41.545 [info] > git config --get commit.template [19ms]
2025-11-11 18:03:41.545 [info] > git rev-parse --show-toplevel [741ms]
2025-11-11 18:03:41.545 [info] > git for-each-ref --format=%(refname)%00%(upstream:short)%00%(objectname)%00%(upstream:track)%00%(upstream:remotename)%00%(upstream:remoteref) refs/heads/main refs/remotes/main [785ms]
2025-11-11 18:03:41.545 [info] > git rev-parse --show-toplevel [37ms]
2025-11-11 18:03:41.566 [info] > git rev-parse --show-toplevel [25ms]
2025-11-11 18:03:41.577 [info] > git for-each-ref --sort -committerdate --format %(refname)%00%(objectname)%00%(*objectname) [13ms]
2025-11-11 18:03:41.897 [info] > git status -z -uall [346ms]
2025-11-11 18:03:41.897 [info] > git rev-parse --show-toplevel [322ms]
2025-11-11 18:03:42.051 [info] > git check-ignore -v -z --stdin [140ms]
2025-11-11 18:03:42.052 [info] > git rev-parse --show-toplevel [124ms]
2025-11-11 18:03:42.083 [info] > git config --get commit.template [48ms]
2025-11-11 18:03:42.084 [info] > git for-each-ref --format=%(refname)%00%(upstream:short)%00%(objectname)%00%(upstream:track)%00%(upstream:remotename)%00%(upstream:remoteref) refs/heads/main refs/remotes/main [101ms]
2025-11-11 18:03:42.114 [info] > git config --get --local branch.main.vscode-merge-base [20ms]
2025-11-11 18:03:42.114 [warning] [Git][config] git config failed: Failed to execute git
2025-11-11 18:03:42.123 [info] > git rev-parse --show-toplevel [42ms]
2025-11-11 18:03:42.151 [info] > git reflog main --grep-reflog=branch: Created from *. [28ms]
2025-11-11 18:03:42.211 [info] > git rev-parse --show-toplevel [64ms]
2025-11-11 18:03:42.215 [info] > git for-each-ref --format=%(refname)%00%(upstream:short)%00%(objectname)%00%(upstream:track)%00%(upstream:remotename)%00%(upstream:remoteref) refs/heads/main refs/remotes/main [79ms]
2025-11-11 18:03:42.241 [info] > git symbolic-ref --short refs/remotes/origin/HEAD [82ms]
2025-11-11 18:03:42.241 [info] fatal: ref refs/remotes/origin/HEAD is not a symbolic ref
2025-11-11 18:03:42.241 [warning] [Repository][getDefaultBranch] Failed to get default branch details: Failed to execute git.
2025-11-11 18:03:42.277 [info] > git rev-parse --show-toplevel [46ms]
2025-11-11 18:03:42.278 [info] [Model][doInitialScan] Initial repository scan completed - repositories (1), closed repositories (0), parent repositories (0), unsafe repositories (0)
2025-11-11 18:03:42.313 [info] > git show --textconv :public/index.html [23ms]
2025-11-11 18:03:42.344 [info] > git merge-base refs/heads/main refs/remotes/origin/main [90ms]
2025-11-11 18:03:42.407 [info] > git ls-files --stage -- public/index.html [102ms]
2025-11-11 18:03:42.428 [info] > git for-each-ref --sort -committerdate --format %(refname)%00%(objectname)%00%(*objectname) [43ms]
2025-11-11 18:03:42.429 [info] > git diff --name-status -z --diff-filter=ADMR 1d71a86fda6f401f511c16ac58051f04f4057311...refs/remotes/origin/main [73ms]
2025-11-11 18:03:42.445 [info] > git cat-file -s 50d46ef0a9bb23fd357ef718beb7f79e1877a84c [22ms]
2025-11-11 18:03:42.450 [info] > git status -z -uall [85ms]
2025-11-11 18:03:42.795 [info] > git blame --root --incremental 1d71a86fda6f401f511c16ac58051f04f4057311 -- public/index.html [1ms]
2025-11-11 18:03:50.795 [info] > git config --get commit.template [5ms]
2025-11-11 18:03:50.797 [info] > git for-each-ref --format=%(refname)%00%(upstream:short)%00%(objectname)%00%(upstream:track)%00%(upstream:remotename)%00%(upstream:remoteref) refs/heads/main refs/remotes/main [2ms]
2025-11-11 18:03:50.813 [info] > git for-each-ref --sort -committerdate --format %(refname)%00%(objectname)%00%(*objectname) [2ms]
2025-11-11 18:03:50.841 [info] > git status -z -uall [39ms]
2025-11-11 18:03:53.827 [info] > git show --textconv :package.json [10ms]
2025-11-11 18:03:53.830 [info] > git ls-files --stage -- package.json [4ms]
2025-11-11 18:03:53.842 [info] > git cat-file -s 78fca282dd2a94a7ff76f41b91a4103c844adfae [3ms]
2025-11-11 18:03:53.930 [info] > git blame --root --incremental 1d71a86fda6f401f511c16ac58051f04f4057311 -- package.json [3ms]
2025-11-11 18:03:55.862 [info] > git config --get commit.template [3ms]
2025-11-11 18:03:55.878 [info] > git for-each-ref --format=%(refname)%00%(upstream:short)%00%(objectname)%00%(upstream:track)%00%(upstream:remotename)%00%(upstream:remoteref) refs/heads/main refs/remotes/main [3ms]
2025-11-11 18:03:55.914 [info] > git for-each-ref --sort -committerdate --format %(refname)%00%(objectname)%00%(*objectname) [5ms]
2025-11-11 18:03:55.935 [info] > git status -z -uall [40ms]
2025-11-11 18:05:14.805 [info] > git config --get commit.template [9ms]
2025-11-11 18:05:14.806 [info] > git for-each-ref --format=%(refname)%00%(upstream:short)%00%(objectname)%00%(upstream:track)%00%(upstream:remotename)%00%(upstream:remoteref) refs/heads/main refs/remotes/main [2ms]
2025-11-11 18:05:14.832 [info] > git for-each-ref --sort -committerdate --format %(refname)%00%(objectname)%00%(*objectname) [2ms]
2025-11-11 18:05:14.856 [info] > git status -z -uall [39ms]
2025-11-11 18:05:19.880 [info] > git config --get commit.template [10ms]
2025-11-11 18:05:19.882 [info] > git for-each-ref --format=%(refname)%00%(upstream:short)%00%(objectname)%00%(upstream:track)%00%(upstream:remotename)%00%(upstream:remoteref) refs/heads/main refs/remotes/main [3ms]
2025-11-11 18:05:19.905 [info] > git for-each-ref --sort -committerdate --format %(refname)%00%(objectname)%00%(*objectname) [3ms]
2025-11-11 18:05:19.929 [info] > git status -z -uall [37ms]
2025-11-11 18:05:25.050 [info] > git config --get commit.template [1ms]
2025-11-11 18:05:25.091 [info] > git for-each-ref --format=%(refname)%00%(upstream:short)%00%(objectname)%00%(upstream:track)%00%(upstream:remotename)%00%(upstream:remoteref) refs/heads/main refs/remotes/main [25ms]
2025-11-11 18:05:25.117 [info] > git for-each-ref --sort -committerdate --format %(refname)%00%(objectname)%00%(*objectname) [3ms]
2025-11-11 18:05:25.140 [info] > git status -z -uall [39ms]
2025-11-11 18:06:24.004 [info] > git config --get commit.template [10ms]
2025-11-11 18:06:24.005 [info] > git for-each-ref --format=%(refname)%00%(upstream:short)%00%(objectname)%00%(upstream:track)%00%(upstream:remotename)%00%(upstream:remoteref) refs/heads/main refs/remotes/main [3ms]
2025-11-11 18:06:24.030 [info] > git for-each-ref --sort -committerdate --format %(refname)%00%(objectname)%00%(*objectname) [3ms]
2025-11-11 18:06:24.056 [info] > git status -z -uall [42ms]
2025-11-11 18:06:29.079 [info] > git config --get commit.template [10ms]
2025-11-11 18:06:29.081 [info] > git for-each-ref --format=%(refname)%00%(upstream:short)%00%(objectname)%00%(upstream:track)%00%(upstream:remotename)%00%(upstream:remoteref) refs/heads/main refs/remotes/main [3ms]
2025-11-11 18:06:29.106 [info] > git for-each-ref --sort -committerdate --format %(refname)%00%(objectname)%00%(*objectname) [3ms]
2025-11-11 18:06:29.129 [info] > git status -z -uall [39ms]
2025-11-11 18:06:34.737 [info] > git config --get commit.template [12ms]
2025-11-11 18:06:34.737 [info] > git for-each-ref --format=%(refname)%00%(upstream:short)%00%(objectname)%00%(upstream:track)%00%(upstream:remotename)%00%(upstream:remoteref) refs/heads/main refs/remotes/main [3ms]
2025-11-11 18:06:34.765 [info] > git for-each-ref --sort -committerdate --format %(refname)%00%(objectname)%00%(*objectname) [3ms]
2025-11-11 18:06:34.788 [info] > git status -z -uall [40ms]
2025-11-11 18:06:39.812 [info] > git config --get commit.template [9ms]
2025-11-11 18:06:39.814 [info] > git for-each-ref --format=%(refname)%00%(upstream:short)%00%(objectname)%00%(upstream:track)%00%(upstream:remotename)%00%(upstream:remoteref) refs/heads/main refs/remotes/main [3ms]
2025-11-11 18:06:39.838 [info] > git for-each-ref --sort -committerdate --format %(refname)%00%(objectname)%00%(*objectname) [3ms]
2025-11-11 18:06:39.863 [info] > git status -z -uall [40ms]
2025-11-11 18:06:44.888 [info] > git config --get commit.template [11ms]
2025-11-11 18:06:44.891 [info] > git for-each-ref --format=%(refname)%00%(upstream:short)%00%(objectname)%00%(upstream:track)%00%(upstream:remotename)%00%(upstream:remoteref) refs/heads/main refs/remotes/main [4ms]
2025-11-11 18:06:44.916 [info] > git for-each-ref --sort -committerdate --format %(refname)%00%(objectname)%00%(*objectname) [3ms]
2025-11-11 18:06:44.939 [info] > git status -z -uall [39ms]
