2025-11-03 21:50:38.943 [info] [main] Log level: Info
2025-11-03 21:50:38.943 [info] [main] Validating found git in: "git"
2025-11-03 21:50:38.943 [info] [main] Using git "2.43.0" from "git"
2025-11-03 21:50:38.943 [info] [Model][doInitialScan] Initial repository scan started
2025-11-03 21:50:38.943 [info] > git rev-parse --show-toplevel [10ms]
2025-11-03 21:50:38.943 [info] fatal: not a git repository (or any parent up to mount point /)
Stopping at filesystem boundary (GIT_DISCOVERY_ACROSS_FILESYSTEM not set).
2025-11-03 21:50:38.943 [info] > git rev-parse --show-toplevel [748ms]
2025-11-03 21:50:38.943 [info] fatal: not a git repository (or any parent up to mount point /)
Stopping at filesystem boundary (GIT_DISCOVERY_ACROSS_FILESYSTEM not set).
2025-11-03 21:50:38.943 [info] > git rev-parse --show-toplevel [26ms]
2025-11-03 21:50:38.943 [info] fatal: not a git repository (or any parent up to mount point /)
Stopping at filesystem boundary (GIT_DISCOVERY_ACROSS_FILESYSTEM not set).
2025-11-03 21:50:38.943 [info] > git rev-parse --show-toplevel [5ms]
2025-11-03 21:50:38.943 [info] fatal: not a git repository (or any parent up to mount point /)
Stopping at filesystem boundary (GIT_DISCOVERY_ACROSS_FILESYSTEM not set).
2025-11-03 21:50:38.943 [info] > git rev-parse --show-toplevel [2154ms]
2025-11-03 21:50:38.943 [info] fatal: not a git repository (or any parent up to mount point /)
Stopping at filesystem boundary (GIT_DISCOVERY_ACROSS_FILESYSTEM not set).
2025-11-03 21:50:38.983 [info] > git rev-parse --show-toplevel [6ms]
2025-11-03 21:50:38.983 [info] fatal: not a git repository (or any parent up to mount point /)
Stopping at filesystem boundary (GIT_DISCOVERY_ACROSS_FILESYSTEM not set).
2025-11-03 21:50:39.376 [info] > git rev-parse --show-toplevel [94ms]
2025-11-03 21:50:39.376 [info] fatal: not a git repository (or any parent up to mount point /)
Stopping at filesystem boundary (GIT_DISCOVERY_ACROSS_FILESYSTEM not set).
2025-11-03 21:50:39.405 [info] > git rev-parse --show-toplevel [8ms]
2025-11-03 21:50:39.405 [info] fatal: not a git repository (or any parent up to mount point /)
Stopping at filesystem boundary (GIT_DISCOVERY_ACROSS_FILESYSTEM not set).
2025-11-03 21:50:39.453 [info] > git rev-parse --show-toplevel [33ms]
2025-11-03 21:50:39.453 [info] fatal: not a git repository (or any parent up to mount point /)
Stopping at filesystem boundary (GIT_DISCOVERY_ACROSS_FILESYSTEM not set).
2025-11-03 21:50:39.463 [info] > git rev-parse --show-toplevel [3ms]
2025-11-03 21:50:39.463 [info] fatal: not a git repository (or any parent up to mount point /)
Stopping at filesystem boundary (GIT_DISCOVERY_ACROSS_FILESYSTEM not set).
2025-11-03 21:50:39.464 [info] [Model][doInitialScan] Initial repository scan completed - repositories (0), closed repositories (0), parent repositories (0), unsafe repositories (0)
2025-11-03 21:50:39.472 [info] > git rev-parse --show-toplevel [2ms]
2025-11-03 21:50:39.472 [info] fatal: not a git repository (or any parent up to mount point /)
Stopping at filesystem boundary (GIT_DISCOVERY_ACROSS_FILESYSTEM not set).
2025-11-03 22:17:09.552 [info] > git rev-parse --show-toplevel [3ms]
2025-11-03 22:17:09.552 [info] fatal: not a git repository (or any parent up to mount point /)
Stopping at filesystem boundary (GIT_DISCOVERY_ACROSS_FILESYSTEM not set).
2025-11-03 22:18:20.657 [info] > git rev-parse --show-toplevel [2ms]
2025-11-03 22:18:20.657 [info] fatal: not a git repository (or any parent up to mount point /)
Stopping at filesystem boundary (GIT_DISCOVERY_ACROSS_FILESYSTEM not set).
2025-11-03 23:08:18.846 [info] > git rev-parse --show-toplevel [3ms]
2025-11-03 23:08:18.846 [info] fatal: not a git repository (or any parent up to mount point /)
Stopping at filesystem boundary (GIT_DISCOVERY_ACROSS_FILESYSTEM not set).
2025-11-03 23:08:25.460 [info] > git rev-parse --show-toplevel [2ms]
2025-11-03 23:08:25.460 [info] fatal: not a git repository (or any parent up to mount point /)
Stopping at filesystem boundary (GIT_DISCOVERY_ACROSS_FILESYSTEM not set).
2025-11-03 23:08:31.243 [info] > git rev-parse --show-toplevel [2ms]
2025-11-03 23:08:31.243 [info] fatal: not a git repository (or any parent up to mount point /)
Stopping at filesystem boundary (GIT_DISCOVERY_ACROSS_FILESYSTEM not set).
2025-11-03 23:08:37.204 [info] > git rev-parse --show-toplevel [5ms]
2025-11-03 23:08:37.204 [info] fatal: not a git repository (or any parent up to mount point /)
Stopping at filesystem boundary (GIT_DISCOVERY_ACROSS_FILESYSTEM not set).
2025-11-03 23:08:44.558 [info] > git rev-parse --show-toplevel [2ms]
2025-11-03 23:08:44.558 [info] fatal: not a git repository (or any parent up to mount point /)
Stopping at filesystem boundary (GIT_DISCOVERY_ACROSS_FILESYSTEM not set).
2025-11-03 23:10:03.029 [info] > git rev-parse --show-toplevel [2ms]
2025-11-03 23:10:03.029 [info] fatal: not a git repository (or any parent up to mount point /)
Stopping at filesystem boundary (GIT_DISCOVERY_ACROSS_FILESYSTEM not set).
2025-11-03 23:11:54.374 [info] > git rev-parse --show-toplevel [2ms]
2025-11-03 23:11:54.374 [info] fatal: not a git repository (or any parent up to mount point /)
Stopping at filesystem boundary (GIT_DISCOVERY_ACROSS_FILESYSTEM not set).
2025-11-03 23:12:45.359 [info] > git rev-parse --show-toplevel [3ms]
2025-11-03 23:12:45.359 [info] fatal: not a git repository (or any parent up to mount point /)
Stopping at filesystem boundary (GIT_DISCOVERY_ACROSS_FILESYSTEM not set).
2025-11-03 23:49:28.088 [info] > git rev-parse --show-toplevel [4ms]
2025-11-03 23:49:28.088 [info] fatal: not a git repository (or any parent up to mount point /)
Stopping at filesystem boundary (GIT_DISCOVERY_ACROSS_FILESYSTEM not set).
2025-11-03 23:52:16.118 [info] > git rev-parse --show-toplevel [3ms]
2025-11-03 23:52:16.118 [info] fatal: not a git repository (or any parent up to mount point /)
Stopping at filesystem boundary (GIT_DISCOVERY_ACROSS_FILESYSTEM not set).
2025-11-03 23:53:09.995 [info] > git rev-parse --show-toplevel [3ms]
2025-11-03 23:53:09.995 [info] fatal: not a git repository (or any parent up to mount point /)
Stopping at filesystem boundary (GIT_DISCOVERY_ACROSS_FILESYSTEM not set).
2025-11-03 23:53:14.859 [info] > git rev-parse --show-toplevel [3ms]
2025-11-03 23:53:14.859 [info] fatal: not a git repository (or any parent up to mount point /)
Stopping at filesystem boundary (GIT_DISCOVERY_ACROSS_FILESYSTEM not set).
2025-11-03 23:53:23.883 [info] > git rev-parse --show-toplevel [2ms]
2025-11-03 23:53:23.883 [info] fatal: not a git repository (or any parent up to mount point /)
Stopping at filesystem boundary (GIT_DISCOVERY_ACROSS_FILESYSTEM not set).
2025-11-04 00:14:33.176 [info] > git rev-parse --show-toplevel [3ms]
2025-11-04 00:14:33.176 [info] fatal: not a git repository (or any parent up to mount point /)
Stopping at filesystem boundary (GIT_DISCOVERY_ACROSS_FILESYSTEM not set).
