2025-11-02 06:54:25.154 [info] [main] Log level: Info
2025-11-02 06:54:25.154 [info] [main] Validating found git in: "git"
2025-11-02 06:54:25.154 [info] [main] Using git "2.43.0" from "git"
2025-11-02 06:54:25.154 [info] [Model][doInitialScan] Initial repository scan started
2025-11-02 06:54:25.154 [info] > git rev-parse --show-toplevel [10ms]
2025-11-02 06:54:25.154 [info] fatal: not a git repository (or any parent up to mount point /)
Stopping at filesystem boundary (GIT_DISCOVERY_ACROSS_FILESYSTEM not set).
2025-11-02 06:54:25.154 [info] > git rev-parse --show-toplevel [8ms]
2025-11-02 06:54:25.154 [info] fatal: not a git repository (or any parent up to mount point /)
Stopping at filesystem boundary (GIT_DISCOVERY_ACROSS_FILESYSTEM not set).
2025-11-02 06:54:25.154 [info] > git rev-parse --show-toplevel [1403ms]
2025-11-02 06:54:25.154 [info] fatal: not a git repository (or any parent up to mount point /)
Stopping at filesystem boundary (GIT_DISCOVERY_ACROSS_FILESYSTEM not set).
2025-11-02 06:54:25.154 [info] > git rev-parse --show-toplevel [3ms]
2025-11-02 06:54:25.154 [info] fatal: not a git repository (or any parent up to mount point /)
Stopping at filesystem boundary (GIT_DISCOVERY_ACROSS_FILESYSTEM not set).
2025-11-02 06:54:25.159 [info] > git rev-parse --show-toplevel [2ms]
2025-11-02 06:54:25.159 [info] fatal: not a git repository (or any parent up to mount point /)
Stopping at filesystem boundary (GIT_DISCOVERY_ACROSS_FILESYSTEM not set).
2025-11-02 06:54:25.164 [info] > git rev-parse --show-toplevel [2ms]
2025-11-02 06:54:25.164 [info] fatal: not a git repository (or any parent up to mount point /)
Stopping at filesystem boundary (GIT_DISCOVERY_ACROSS_FILESYSTEM not set).
2025-11-02 06:54:25.301 [info] > git rev-parse --show-toplevel [134ms]
2025-11-02 06:54:25.301 [info] fatal: not a git repository (or any parent up to mount point /)
Stopping at filesystem boundary (GIT_DISCOVERY_ACROSS_FILESYSTEM not set).
2025-11-02 06:54:25.560 [info] > git rev-parse --show-toplevel [254ms]
2025-11-02 06:54:25.560 [info] fatal: not a git repository (or any parent up to mount point /)
Stopping at filesystem boundary (GIT_DISCOVERY_ACROSS_FILESYSTEM not set).
2025-11-02 06:54:25.560 [info] [Model][doInitialScan] Initial repository scan completed - repositories (0), closed repositories (0), parent repositories (0), unsafe repositories (0)
2025-11-02 06:54:28.140 [info] > git rev-parse --show-toplevel [88ms]
2025-11-02 06:54:28.140 [info] fatal: not a git repository (or any parent up to mount point /)
Stopping at filesystem boundary (GIT_DISCOVERY_ACROSS_FILESYSTEM not set).
2025-11-02 06:54:29.497 [info] > git rev-parse --show-toplevel [23ms]
2025-11-02 06:54:29.497 [info] fatal: not a git repository (or any parent up to mount point /)
Stopping at filesystem boundary (GIT_DISCOVERY_ACROSS_FILESYSTEM not set).
2025-11-02 07:26:02.931 [info] > git rev-parse --show-toplevel [52ms]
2025-11-02 07:26:02.931 [info] fatal: not a git repository (or any parent up to mount point /)
Stopping at filesystem boundary (GIT_DISCOVERY_ACROSS_FILESYSTEM not set).
2025-11-02 07:26:37.359 [info] > git rev-parse --show-toplevel [3ms]
2025-11-02 07:26:37.359 [info] fatal: not a git repository (or any parent up to mount point /)
Stopping at filesystem boundary (GIT_DISCOVERY_ACROSS_FILESYSTEM not set).
