Initializing document watcher...
Document watcher initialized
/User/settings.json: Using EditorConfig core...
wavie3582/app.js: {}
wavie3582/app.js: {}
wavie3582/app.js: Using EditorConfig core...
wavie3582/app.js: {}
wavie3582/app.js: {}
wavie3582/app.js: {}
wavie3582/app.js: {}
wavie3582/app.js: {}
wavie3582/app.js: {}
wavie3582/app.js: {}
wavie3582/app.js: Using EditorConfig core...
wavie3582/app.js: {}
wavie3582/app.js: {}
wavie3582/app.js: Using EditorConfig core...
wavie3582/app.js: {}
wavie3582/app.js: {}
wavie3582/app.js: {}
wavie3582/package.json: {}
wavie3582/package.json: {}
wavie3582/app.js: {}
wavie3582/app.js: {}
wavie3582/app.js: {}
wavie3582/app.js: {}
wavie3582/app.js: {}
wavie3582/app.js: {}
wavie3582/app.js: {}
wavie3582/app.js: Using EditorConfig core...
wavie3582/app.js: {}
wavie3582/app.js: {}
wavie3582/app.js: Using EditorConfig core...
wavie3582/app.js: {}
wavie3582/app.js: {}
wavie3582/app.js: Using EditorConfig core...
wavie3582/app.js: Using EditorConfig core...
wavie3582/app.js: {}
wavie3582/app.js: Using EditorConfig core...
wavie3582/app.js: {}
wavie3582/app.js: {}
wavie3582/app.js: {}
wavie3582/app.js: {}
wavie3582/app.js: {}
wavie3582/app.js: {}
wavie3582/app.js: {}
wavie3582/app.js: {}
wavie3582/app.js: {}
wavie3582/app.js: {}
wavie3582/app.js: {}
wavie3582/app.js: {}
wavie3582/app.js: {}
wavie3582/app.js: {}
wavie3582/app.js: {}
wavie3582/app.js: {}
