2025-11-11 16:54:21.507 [info] Unable to load library https://www.gstatic.com/firebasejs/11.6.1/firebase-app.ts at /google/devshell/editor/code-oss-for-cloud-shell/extensions/node_modules/typescript/lib/https:/www.gstatic.com/firebasejs/11.6.1/firebase-app.ts
2025-11-11 16:54:21.516 [info] Unable to load library https://www.gstatic.com/firebasejs/11.6.1/firebase-app.tsx at /google/devshell/editor/code-oss-for-cloud-shell/extensions/node_modules/typescript/lib/https:/www.gstatic.com/firebasejs/11.6.1/firebase-app.tsx
2025-11-11 16:54:21.518 [info] Unable to load library https://www.gstatic.com/firebasejs/11.6.1/firebase-app.d.ts at /google/devshell/editor/code-oss-for-cloud-shell/extensions/node_modules/typescript/lib/https:/www.gstatic.com/firebasejs/11.6.1/firebase-app.d.ts
2025-11-11 16:54:21.519 [info] Unable to load library https://www.gstatic.com/firebasejs/11.6.1/firebase-app.js.ts at /google/devshell/editor/code-oss-for-cloud-shell/extensions/node_modules/typescript/lib/https:/www.gstatic.com/firebasejs/11.6.1/firebase-app.js.ts
2025-11-11 16:54:21.520 [info] Unable to load library https://www.gstatic.com/firebasejs/11.6.1/firebase-app.js.tsx at /google/devshell/editor/code-oss-for-cloud-shell/extensions/node_modules/typescript/lib/https:/www.gstatic.com/firebasejs/11.6.1/firebase-app.js.tsx
2025-11-11 16:54:21.521 [info] Unable to load library https://www.gstatic.com/firebasejs/11.6.1/firebase-app.js.d.ts at /google/devshell/editor/code-oss-for-cloud-shell/extensions/node_modules/typescript/lib/https:/www.gstatic.com/firebasejs/11.6.1/firebase-app.js.d.ts
2025-11-11 16:54:21.523 [info] Unable to load library https://www.gstatic.com/firebasejs/11.6.1/firebase-app.js/package.json at /google/devshell/editor/code-oss-for-cloud-shell/extensions/node_modules/typescript/lib/https:/www.gstatic.com/firebasejs/11.6.1/firebase-app.js/package.json
2025-11-11 16:54:21.524 [info] Unable to load library file:///home/wavie3582/public/node_modules/@types/https:/package.json at /google/devshell/editor/code-oss-for-cloud-shell/extensions/node_modules/typescript/lib/file:/home/wavie3582/public/node_modules/@types/https:/package.json
2025-11-11 16:54:21.525 [info] Unable to load library https://www.gstatic.com/firebasejs/11.6.1/firebase-app.js/index.d.ts at /google/devshell/editor/code-oss-for-cloud-shell/extensions/node_modules/typescript/lib/https:/www.gstatic.com/firebasejs/11.6.1/firebase-app.js/index.d.ts
2025-11-11 16:54:21.527 [info] Unable to load library file:///home/wavie3582/node_modules/@types/https:/package.json at /google/devshell/editor/code-oss-for-cloud-shell/extensions/node_modules/typescript/lib/file:/home/wavie3582/node_modules/@types/https:/package.json
2025-11-11 16:54:21.528 [info] Unable to load library file:///home/node_modules/@types/https:/package.json at /google/devshell/editor/code-oss-for-cloud-shell/extensions/node_modules/typescript/lib/file:/home/node_modules/@types/https:/package.json
2025-11-11 16:54:21.529 [info] Unable to load library file:///node_modules/@types/https:/package.json at /google/devshell/editor/code-oss-for-cloud-shell/extensions/node_modules/typescript/lib/file:/node_modules/@types/https:/package.json
2025-11-11 16:54:21.531 [info] Unable to load library https://www.gstatic.com/firebasejs/11.6.1/firebase-app.js at /google/devshell/editor/code-oss-for-cloud-shell/extensions/node_modules/typescript/lib/https:/www.gstatic.com/firebasejs/11.6.1/firebase-app.js
2025-11-11 16:54:21.532 [info] Unable to load library https://www.gstatic.com/firebasejs/11.6.1/firebase-app.jsx at /google/devshell/editor/code-oss-for-cloud-shell/extensions/node_modules/typescript/lib/https:/www.gstatic.com/firebasejs/11.6.1/firebase-app.jsx
2025-11-11 16:54:21.534 [info] Unable to load library https://www.gstatic.com/firebasejs/11.6.1/firebase-app.js.js at /google/devshell/editor/code-oss-for-cloud-shell/extensions/node_modules/typescript/lib/https:/www.gstatic.com/firebasejs/11.6.1/firebase-app.js.js
2025-11-11 16:54:21.535 [info] Unable to load library https://www.gstatic.com/firebasejs/11.6.1/firebase-app.js.jsx at /google/devshell/editor/code-oss-for-cloud-shell/extensions/node_modules/typescript/lib/https:/www.gstatic.com/firebasejs/11.6.1/firebase-app.js.jsx
2025-11-11 16:54:21.537 [info] Unable to load library https://www.gstatic.com/firebasejs/11.6.1/firebase-auth.ts at /google/devshell/editor/code-oss-for-cloud-shell/extensions/node_modules/typescript/lib/https:/www.gstatic.com/firebasejs/11.6.1/firebase-auth.ts
2025-11-11 16:54:21.538 [info] Unable to load library https://www.gstatic.com/firebasejs/11.6.1/firebase-auth.tsx at /google/devshell/editor/code-oss-for-cloud-shell/extensions/node_modules/typescript/lib/https:/www.gstatic.com/firebasejs/11.6.1/firebase-auth.tsx
2025-11-11 16:54:21.540 [info] Unable to load library https://www.gstatic.com/firebasejs/11.6.1/firebase-auth.d.ts at /google/devshell/editor/code-oss-for-cloud-shell/extensions/node_modules/typescript/lib/https:/www.gstatic.com/firebasejs/11.6.1/firebase-auth.d.ts
2025-11-11 16:54:21.541 [info] Unable to load library https://www.gstatic.com/firebasejs/11.6.1/firebase-auth.js.ts at /google/devshell/editor/code-oss-for-cloud-shell/extensions/node_modules/typescript/lib/https:/www.gstatic.com/firebasejs/11.6.1/firebase-auth.js.ts
2025-11-11 16:54:21.543 [info] Unable to load library https://www.gstatic.com/firebasejs/11.6.1/firebase-auth.js.tsx at /google/devshell/editor/code-oss-for-cloud-shell/extensions/node_modules/typescript/lib/https:/www.gstatic.com/firebasejs/11.6.1/firebase-auth.js.tsx
2025-11-11 16:54:21.544 [info] Unable to load library https://www.gstatic.com/firebasejs/11.6.1/firebase-auth.js.d.ts at /google/devshell/editor/code-oss-for-cloud-shell/extensions/node_modules/typescript/lib/https:/www.gstatic.com/firebasejs/11.6.1/firebase-auth.js.d.ts
2025-11-11 16:54:21.549 [info] Unable to load library https://www.gstatic.com/firebasejs/11.6.1/firebase-auth.js/package.json at /google/devshell/editor/code-oss-for-cloud-shell/extensions/node_modules/typescript/lib/https:/www.gstatic.com/firebasejs/11.6.1/firebase-auth.js/package.json
2025-11-11 16:54:21.551 [info] Unable to load library https://www.gstatic.com/firebasejs/11.6.1/firebase-auth.js/index.d.ts at /google/devshell/editor/code-oss-for-cloud-shell/extensions/node_modules/typescript/lib/https:/www.gstatic.com/firebasejs/11.6.1/firebase-auth.js/index.d.ts
2025-11-11 16:54:21.552 [info] Unable to load library https://www.gstatic.com/firebasejs/11.6.1/firebase-auth.js at /google/devshell/editor/code-oss-for-cloud-shell/extensions/node_modules/typescript/lib/https:/www.gstatic.com/firebasejs/11.6.1/firebase-auth.js
2025-11-11 16:54:21.553 [info] Unable to load library https://www.gstatic.com/firebasejs/11.6.1/firebase-auth.jsx at /google/devshell/editor/code-oss-for-cloud-shell/extensions/node_modules/typescript/lib/https:/www.gstatic.com/firebasejs/11.6.1/firebase-auth.jsx
2025-11-11 16:54:21.558 [info] Unable to load library https://www.gstatic.com/firebasejs/11.6.1/firebase-auth.js.js at /google/devshell/editor/code-oss-for-cloud-shell/extensions/node_modules/typescript/lib/https:/www.gstatic.com/firebasejs/11.6.1/firebase-auth.js.js
2025-11-11 16:54:21.559 [info] Unable to load library https://www.gstatic.com/firebasejs/11.6.1/firebase-auth.js.jsx at /google/devshell/editor/code-oss-for-cloud-shell/extensions/node_modules/typescript/lib/https:/www.gstatic.com/firebasejs/11.6.1/firebase-auth.js.jsx
2025-11-11 16:54:21.561 [info] Unable to load library https://www.gstatic.com/firebasejs/11.6.1/firebase-firestore.ts at /google/devshell/editor/code-oss-for-cloud-shell/extensions/node_modules/typescript/lib/https:/www.gstatic.com/firebasejs/11.6.1/firebase-firestore.ts
2025-11-11 16:54:21.563 [info] Unable to load library https://www.gstatic.com/firebasejs/11.6.1/firebase-firestore.tsx at /google/devshell/editor/code-oss-for-cloud-shell/extensions/node_modules/typescript/lib/https:/www.gstatic.com/firebasejs/11.6.1/firebase-firestore.tsx
2025-11-11 16:54:21.564 [info] Unable to load library https://www.gstatic.com/firebasejs/11.6.1/firebase-firestore.d.ts at /google/devshell/editor/code-oss-for-cloud-shell/extensions/node_modules/typescript/lib/https:/www.gstatic.com/firebasejs/11.6.1/firebase-firestore.d.ts
2025-11-11 16:54:21.566 [info] Unable to load library https://www.gstatic.com/firebasejs/11.6.1/firebase-firestore.js.ts at /google/devshell/editor/code-oss-for-cloud-shell/extensions/node_modules/typescript/lib/https:/www.gstatic.com/firebasejs/11.6.1/firebase-firestore.js.ts
2025-11-11 16:54:21.567 [info] Unable to load library https://www.gstatic.com/firebasejs/11.6.1/firebase-firestore.js.tsx at /google/devshell/editor/code-oss-for-cloud-shell/extensions/node_modules/typescript/lib/https:/www.gstatic.com/firebasejs/11.6.1/firebase-firestore.js.tsx
2025-11-11 16:54:21.570 [info] Unable to load library https://www.gstatic.com/firebasejs/11.6.1/firebase-firestore.js.d.ts at /google/devshell/editor/code-oss-for-cloud-shell/extensions/node_modules/typescript/lib/https:/www.gstatic.com/firebasejs/11.6.1/firebase-firestore.js.d.ts
2025-11-11 16:54:21.571 [info] Unable to load library https://www.gstatic.com/firebasejs/11.6.1/firebase-firestore.js/package.json at /google/devshell/editor/code-oss-for-cloud-shell/extensions/node_modules/typescript/lib/https:/www.gstatic.com/firebasejs/11.6.1/firebase-firestore.js/package.json
2025-11-11 16:54:21.573 [info] Unable to load library https://www.gstatic.com/firebasejs/11.6.1/firebase-firestore.js/index.d.ts at /google/devshell/editor/code-oss-for-cloud-shell/extensions/node_modules/typescript/lib/https:/www.gstatic.com/firebasejs/11.6.1/firebase-firestore.js/index.d.ts
2025-11-11 16:54:21.574 [info] Unable to load library https://www.gstatic.com/firebasejs/11.6.1/firebase-firestore.js at /google/devshell/editor/code-oss-for-cloud-shell/extensions/node_modules/typescript/lib/https:/www.gstatic.com/firebasejs/11.6.1/firebase-firestore.js
2025-11-11 16:54:21.576 [info] Unable to load library https://www.gstatic.com/firebasejs/11.6.1/firebase-firestore.jsx at /google/devshell/editor/code-oss-for-cloud-shell/extensions/node_modules/typescript/lib/https:/www.gstatic.com/firebasejs/11.6.1/firebase-firestore.jsx
2025-11-11 16:54:21.578 [info] Unable to load library https://www.gstatic.com/firebasejs/11.6.1/firebase-firestore.js.js at /google/devshell/editor/code-oss-for-cloud-shell/extensions/node_modules/typescript/lib/https:/www.gstatic.com/firebasejs/11.6.1/firebase-firestore.js.js
2025-11-11 16:54:21.580 [info] Unable to load library https://www.gstatic.com/firebasejs/11.6.1/firebase-firestore.js.jsx at /google/devshell/editor/code-oss-for-cloud-shell/extensions/node_modules/typescript/lib/https:/www.gstatic.com/firebasejs/11.6.1/firebase-firestore.js.jsx
2025-11-11 17:04:41.837 [error] Request textDocument/documentColor failed.
Error: Starting server failed
    at T.$start (/google/devshell/editor/code-oss-for-cloud-shell/extensions/html-language-features/client/dist/node/htmlClientMain.js:2:297294)
    at processTicksAndRejections (node:internal/process/task_queues:105:5)
    at T.sendRequest (/google/devshell/editor/code-oss-for-cloud-shell/extensions/html-language-features/client/dist/node/htmlClientMain.js:2:280833)
    at cA.provideColors (file:///google/devshell/editor/code-oss-for-cloud-shell/out/vs/workbench/api/node/extensionHostProcess.js:140:151079)
