0 verbose cli /usr/local/nvm/versions/node/v22.21.0/bin/node /usr/local/nvm/versions/node/v22.21.0/bin/npm
1 info using npm@11.6.2
2 info using node@v22.21.0
3 silly config load:file:/usr/local/nvm/versions/node/v22.21.0/lib/node_modules/npm/npmrc
4 silly config load:file:/home/wavie3582/.cache/typescript/5.8/.npmrc
5 silly config load:file:/home/wavie3582/.npmrc
6 silly config load:file:/usr/local/nvm/versions/node/v22.21.0/etc/npmrc
7 verbose title npm install types-registry@latest
8 verbose argv "install" "--ignore-scripts" "types-registry@latest"
9 verbose logfile logs-max:10 dir:/home/wavie3582/.npm/_logs/2025-11-11T16_58_15_334Z-
10 verbose logfile /home/wavie3582/.npm/_logs/2025-11-11T16_58_15_334Z-debug-0.log
11 silly logfile start cleaning logs, removing 1 files
12 silly packumentCache heap:2197815296 maxSize:549453824 maxEntrySize:274726912
13 silly logfile done cleaning log files
14 silly packumentCache corgi:https://registry.npmjs.org/types-registry cache-miss
15 http fetch GET 200 https://registry.npmjs.org/types-registry 246ms (cache updated)
16 silly packumentCache corgi:https://registry.npmjs.org/types-registry set size:undefined disposed:false
17 silly idealTree buildDeps
18 silly fetch manifest types-registry@0.1.746
19 silly packumentCache full:https://registry.npmjs.org/types-registry cache-miss
20 http fetch GET 200 https://registry.npmjs.org/types-registry 126ms (cache updated)
21 silly packumentCache full:https://registry.npmjs.org/types-registry set size:undefined disposed:false
22 silly placeDep ROOT types-registry@0.1.746 REPLACE for:  want: 0.1.746
23 silly reify mark retired [ '/home/wavie3582/.cache/typescript/5.8/node_modules/types-registry' ]
24 silly reify moves {
24 silly reify   '/home/wavie3582/.cache/typescript/5.8/node_modules/types-registry': '/home/wavie3582/.cache/typescript/5.8/node_modules/.types-registry-OsmxnGsd'
24 silly reify }
25 silly audit bulk request {
25 silly audit   '@types/body-parser': [ '1.19.6' ],
25 silly audit   '@types/connect': [ '3.4.38' ],
25 silly audit   '@types/express': [ '5.0.5' ],
25 silly audit   '@types/express-serve-static-core': [ '5.1.0' ],
25 silly audit   '@types/http-errors': [ '2.0.5' ],
25 silly audit   '@types/mime': [ '1.3.5' ],
25 silly audit   '@types/node': [ '24.9.1' ],
25 silly audit   '@types/node-fetch': [ '2.6.13' ],
25 silly audit   '@types/qs': [ '6.14.0' ],
25 silly audit   '@types/range-parser': [ '1.2.7' ],
25 silly audit   '@types/react': [ '19.2.2' ],
25 silly audit   '@types/send': [ '1.2.1', '0.17.6' ],
25 silly audit   '@types/serve-static': [ '1.15.10' ],
25 silly audit   asynckit: [ '0.4.0' ],
25 silly audit   'call-bind-apply-helpers': [ '1.0.2' ],
25 silly audit   'combined-stream': [ '1.0.8' ],
25 silly audit   csstype: [ '3.1.3' ],
25 silly audit   'delayed-stream': [ '1.0.0' ],
25 silly audit   'dunder-proto': [ '1.0.1' ],
25 silly audit   'es-define-property': [ '1.0.1' ],
25 silly audit   'es-errors': [ '1.3.0' ],
25 silly audit   'es-object-atoms': [ '1.1.1' ],
25 silly audit   'es-set-tostringtag': [ '2.1.0' ],
25 silly audit   'form-data': [ '4.0.4' ],
25 silly audit   'function-bind': [ '1.1.2' ],
25 silly audit   'get-intrinsic': [ '1.3.0' ],
25 silly audit   'get-proto': [ '1.0.1' ],
25 silly audit   gopd: [ '1.2.0' ],
25 silly audit   'has-symbols': [ '1.1.0' ],
25 silly audit   'has-tostringtag': [ '1.0.2' ],
25 silly audit   hasown: [ '2.0.2' ],
25 silly audit   'math-intrinsics': [ '1.1.0' ],
25 silly audit   'mime-db': [ '1.52.0' ],
25 silly audit   'mime-types': [ '2.1.35' ],
25 silly audit   'undici-types': [ '7.16.0' ],
25 silly audit   'types-registry': [ '0.1.746' ]
25 silly audit }
26 http cache types-registry@https://registry.npmjs.org/types-registry/-/types-registry-0.1.746.tgz 0ms (cache hit)
27 silly tarball no local data for types-registry@https://registry.npmjs.org/types-registry/-/types-registry-0.1.746.tgz. Extracting by manifest.
28 http fetch POST 200 https://registry.npmjs.org/-/npm/v1/security/advisories/bulk 118ms
29 silly audit report {}
30 http fetch GET 200 https://registry.npmjs.org/types-registry/-/types-registry-0.1.746.tgz 187ms (cache miss)
31 silly CHANGE node_modules/types-registry
32 verbose cwd /home/wavie3582/.cache/typescript/5.8
33 verbose os Linux 6.6.111+
34 verbose node v22.21.0
35 verbose npm  v11.6.2
36 verbose exit 0
37 info ok
