0 verbose cli /usr/local/nvm/versions/node/v22.21.0/bin/node /usr/local/nvm/versions/node/v22.21.0/bin/npm
1 info using npm@11.6.2
2 info using node@v22.21.0
3 silly config load:file:/usr/local/nvm/versions/node/v22.21.0/lib/node_modules/npm/npmrc
4 silly config load:file:/home/wavie3582/.npmrc
5 silly config load:file:/usr/local/nvm/versions/node/v22.21.0/etc/npmrc
6 verbose title npm view @stability/sdk description dist-tags.latest homepage version time
7 verbose argv "view" "--json" "--" "@stability/sdk" "description" "dist-tags.latest" "homepage" "version" "time"
8 verbose logfile logs-max:10 dir:/home/wavie3582/.npm/_logs/2025-11-11T18_06_49_774Z-
9 verbose logfile /home/wavie3582/.npm/_logs/2025-11-11T18_06_49_774Z-debug-0.log
10 silly logfile start cleaning logs, removing 1 files
11 silly logfile done cleaning log files
12 http fetch GET 404 https://registry.npmjs.org/@stability%2fsdk 361ms (cache skip)
13 verbose stack HttpErrorGeneral: 404 Not Found - GET https://registry.npmjs.org/@stability%2fsdk - Not found
13 verbose stack     at /usr/local/nvm/versions/node/v22.21.0/lib/node_modules/npm/node_modules/npm-registry-fetch/lib/check-response.js:103:15
13 verbose stack     at process.processTicksAndRejections (node:internal/process/task_queues:105:5)
13 verbose stack     at async RegistryFetcher.packument (/usr/local/nvm/versions/node/v22.21.0/lib/node_modules/npm/node_modules/pacote/lib/registry.js:90:19)
13 verbose stack     at async #getData (/usr/local/nvm/versions/node/v22.21.0/lib/node_modules/npm/lib/commands/view.js:135:20)
13 verbose stack     at async #viewPackage (/usr/local/nvm/versions/node/v22.21.0/lib/node_modules/npm/lib/commands/view.js:112:28)
13 verbose stack     at async View.exec (/usr/local/nvm/versions/node/v22.21.0/lib/node_modules/npm/lib/commands/view.js:70:5)
13 verbose stack     at async Npm.exec (/usr/local/nvm/versions/node/v22.21.0/lib/node_modules/npm/lib/npm.js:208:9)
13 verbose stack     at async module.exports (/usr/local/nvm/versions/node/v22.21.0/lib/node_modules/npm/lib/cli/entry.js:67:5)
14 verbose statusCode 404
15 verbose pkgid @stability/sdk@*
16 error code E404
17 error 404 Not Found - GET https://registry.npmjs.org/@stability%2fsdk - Not found
18 error 404
19 error 404  The requested resource '@stability/sdk@*' could not be found or you do not have permission to access it.
20 error 404
21 error 404 Note that you can also install from a
22 error 404 tarball, folder, http url, or git url.
23 verbose cwd /home/wavie3582
24 verbose os Linux 6.6.111+
25 verbose node v22.21.0
26 verbose npm  v11.6.2
27 verbose exit 1
28 verbose code 1
29 error A complete log of this run can be found in: /home/wavie3582/.npm/_logs/2025-11-11T18_06_49_774Z-debug-0.log
