0 verbose cli /usr/local/nvm/versions/node/v22.21.0/bin/node /usr/local/nvm/versions/node/v22.21.0/bin/npm
1 info using npm@11.6.2
2 info using node@v22.21.0
3 silly config load:file:/usr/local/nvm/versions/node/v22.21.0/lib/node_modules/npm/npmrc
4 silly config load:file:/home/wavie3582/.cache/typescript/5.8/.npmrc
5 silly config load:file:/home/wavie3582/.npmrc
6 silly config load:file:/usr/local/nvm/versions/node/v22.21.0/etc/npmrc
7 verbose title npm install @types/body-parser@ts5.8 @types/cors@ts5.8 @types/express@ts5.8 @types/node-fetch@ts5.8
8 verbose argv "install" "--ignore-scripts" "@types/body-parser@ts5.8" "@types/cors@ts5.8" "@types/express@ts5.8" "@types/node-fetch@ts5.8" "--save-dev" "--user-agent" "typesInstaller/5.8.3"
9 verbose logfile logs-max:10 dir:/home/wavie3582/.npm/_logs/2025-11-12T19_00_07_045Z-
10 verbose logfile /home/wavie3582/.npm/_logs/2025-11-12T19_00_07_045Z-debug-0.log
11 silly logfile start cleaning logs, removing 1 files
12 silly logfile done cleaning log files
13 silly packumentCache heap:2197815296 maxSize:549453824 maxEntrySize:274726912
14 silly packumentCache corgi:https://registry.npmjs.org/@types%2fbody-parser cache-miss
15 silly packumentCache corgi:https://registry.npmjs.org/@types%2fcors cache-miss
16 silly packumentCache corgi:https://registry.npmjs.org/@types%2fexpress cache-miss
17 silly packumentCache corgi:https://registry.npmjs.org/@types%2fnode-fetch cache-miss
18 http fetch GET 200 https://registry.npmjs.org/@types%2fnode-fetch 189ms (cache revalidated)
19 silly packumentCache corgi:https://registry.npmjs.org/@types%2fnode-fetch set size:67036 disposed:false
20 http fetch GET 200 https://registry.npmjs.org/@types%2fexpress 203ms (cache revalidated)
21 silly packumentCache corgi:https://registry.npmjs.org/@types%2fexpress set size:53680 disposed:false
22 http fetch GET 200 https://registry.npmjs.org/@types%2fbody-parser 209ms (cache miss)
23 silly packumentCache corgi:https://registry.npmjs.org/@types%2fbody-parser set size:undefined disposed:false
24 http fetch GET 200 https://registry.npmjs.org/@types%2fcors 209ms (cache revalidated)
25 silly packumentCache corgi:https://registry.npmjs.org/@types%2fcors set size:27950 disposed:false
26 silly idealTree buildDeps
27 silly fetch manifest @types/cors@2.8.19
28 silly packumentCache full:https://registry.npmjs.org/@types%2fcors cache-miss
29 http fetch GET 200 https://registry.npmjs.org/@types%2fcors 69ms (cache revalidated)
30 silly packumentCache full:https://registry.npmjs.org/@types%2fcors set size:56991 disposed:false
31 silly fetch manifest @types/express@5.0.5
32 silly packumentCache full:https://registry.npmjs.org/@types%2fexpress cache-miss
33 http fetch GET 200 https://registry.npmjs.org/@types%2fexpress 84ms (cache revalidated)
34 silly packumentCache full:https://registry.npmjs.org/@types%2fexpress set size:109503 disposed:false
35 silly fetch manifest @types/node-fetch@2.6.13
36 silly packumentCache full:https://registry.npmjs.org/@types%2fnode-fetch cache-miss
37 http fetch GET 200 https://registry.npmjs.org/@types%2fnode-fetch 63ms (cache revalidated)
38 silly packumentCache full:https://registry.npmjs.org/@types%2fnode-fetch set size:145604 disposed:false
39 silly fetch manifest @types/body-parser@1.19.6
40 silly packumentCache full:https://registry.npmjs.org/@types%2fbody-parser cache-miss
41 http fetch GET 200 https://registry.npmjs.org/@types%2fbody-parser 74ms (cache revalidated)
42 silly packumentCache full:https://registry.npmjs.org/@types%2fbody-parser set size:59466 disposed:false
43 silly placeDep ROOT @types/body-parser@1.19.6 REPLACE for:  want: 1.19.6
44 silly placeDep ROOT @types/cors@2.8.19 REPLACE for:  want: 2.8.19
45 silly placeDep ROOT @types/express@5.0.5 REPLACE for:  want: 5.0.5
46 silly placeDep ROOT @types/node-fetch@2.6.13 REPLACE for:  want: 2.6.13
47 silly reify moves {}
48 silly audit bulk request {
48 silly audit   '@types/connect': [ '3.4.38' ],
48 silly audit   '@types/express-serve-static-core': [ '5.1.0' ],
48 silly audit   '@types/http-errors': [ '2.0.5' ],
48 silly audit   '@types/mime': [ '1.3.5' ],
48 silly audit   '@types/node': [ '24.9.1' ],
48 silly audit   '@types/object-assign': [ '4.0.33' ],
48 silly audit   '@types/qs': [ '6.14.0' ],
48 silly audit   '@types/range-parser': [ '1.2.7' ],
48 silly audit   '@types/react': [ '19.2.2' ],
48 silly audit   '@types/send': [ '1.2.1', '0.17.6' ],
48 silly audit   '@types/serve-static': [ '1.15.10' ],
48 silly audit   '@types/vary': [ '1.1.3' ],
48 silly audit   asynckit: [ '0.4.0' ],
48 silly audit   'call-bind-apply-helpers': [ '1.0.2' ],
48 silly audit   'combined-stream': [ '1.0.8' ],
48 silly audit   csstype: [ '3.1.3' ],
48 silly audit   'delayed-stream': [ '1.0.0' ],
48 silly audit   'dunder-proto': [ '1.0.1' ],
48 silly audit   'es-define-property': [ '1.0.1' ],
48 silly audit   'es-errors': [ '1.3.0' ],
48 silly audit   'es-object-atoms': [ '1.1.1' ],
48 silly audit   'es-set-tostringtag': [ '2.1.0' ],
48 silly audit   'form-data': [ '4.0.4' ],
48 silly audit   'function-bind': [ '1.1.2' ],
48 silly audit   'get-intrinsic': [ '1.3.0' ],
48 silly audit   'get-proto': [ '1.0.1' ],
48 silly audit   gopd: [ '1.2.0' ],
48 silly audit   'has-symbols': [ '1.1.0' ],
48 silly audit   'has-tostringtag': [ '1.0.2' ],
48 silly audit   hasown: [ '2.0.2' ],
48 silly audit   'math-intrinsics': [ '1.1.0' ],
48 silly audit   'mime-db': [ '1.52.0' ],
48 silly audit   'mime-types': [ '2.1.35' ],
48 silly audit   'types-registry': [ '0.1.746' ],
48 silly audit   'undici-types': [ '7.16.0' ],
48 silly audit   '@types/body-parser': [ '1.19.6' ],
48 silly audit   '@types/cors': [ '2.8.19' ],
48 silly audit   '@types/express': [ '5.0.5' ],
48 silly audit   '@types/node-fetch': [ '2.6.13' ]
48 silly audit }
49 http fetch POST 200 https://registry.npmjs.org/-/npm/v1/security/advisories/bulk 136ms
50 silly audit report {}
51 verbose cwd /home/wavie3582/.cache/typescript/5.8
52 verbose os Linux 6.6.111+
53 verbose node v22.21.0
54 verbose npm  v11.6.2
55 verbose exit 0
56 info ok
