Initializing document watcher...
Document watcher initialized
wavie3582/package.json: {}
wavie3582/package.json: {}
wavie3582/package.json: {}
wavie3582/package.json: Using EditorConfig core...
wavie3582/package.json: Using EditorConfig core...
wavie3582/package.json: {}
wavie3582/server.js: {}
wavie3582/server.js: {}
wavie3582/server.js: {}
wavie3582/server.js: Using EditorConfig core...
wavie3582/server.js: {}
wavie3582/package.json: {}
wavie3582/package.json: Using EditorConfig core...
wavie3582/package.json: {}
wavie3582/package.json: {}
wavie3582/package.json: Using EditorConfig core...
wavie3582/package.json: Using EditorConfig core...
wavie3582/package.json: Using EditorConfig core...
wavie3582/package.json: Using EditorConfig core...
wavie3582/package.json: {}
wavie3582/package.json: {}
wavie3582/package.json: {}
wavie3582/public/index.html: {}
wavie3582/public/index.html: Using EditorConfig core...
wavie3582/public/index.html: {}
wavie3582/public/index.html: Using EditorConfig core...
wavie3582/public/index.html: {}
wavie3582/server.js: {}
wavie3582/server.js: Using EditorConfig core...
wavie3582/server.js: Using EditorConfig core...
wavie3582/server.js: Using EditorConfig core...
wavie3582/server.js: {}
wavie3582/server.js: {}
wavie3582/server.js: {}
wavie3582/public/index.html: {}
wavie3582/public/index.html: {}
wavie3582/public/index.html: {}
wavie3582/public/index.html: Using EditorConfig core...
wavie3582/public/index.html: {}
wavie3582/public/index.html: Using EditorConfig core...
wavie3582/public/index.html: {}
wavie3582/public/index.html: Using EditorConfig core...
wavie3582/public/index.html: Using EditorConfig core...
wavie3582/public/index.html: {}
wavie3582/server.js: {}
wavie3582/server.js: Using EditorConfig core...
wavie3582/server.js: Using EditorConfig core...
wavie3582/server.js: {}
wavie3582/server.js: {}
wavie3582/server.js: {}
wavie3582/server.js: {}
wavie3582/server.js: {}
wavie3582/server.js: {}
wavie3582/server.js: {}
wavie3582/server.js: {}
wavie3582/server.js: Using EditorConfig core...
wavie3582/server.js: {}
wavie3582/server.js: Using EditorConfig core...
wavie3582/server.js: {}
wavie3582/package.json: {}
wavie3582/package.json: Using EditorConfig core...
wavie3582/package.json: Using EditorConfig core...
wavie3582/package.json: {}
wavie3582/package.json: Using EditorConfig core...
wavie3582/package.json: {}
wavie3582/package.json: {}
wavie3582/package.json: {}
wavie3582/public/index.html: {}
wavie3582/public/index.html: Using EditorConfig core...
wavie3582/public/index.html: {}
wavie3582/server.js: {}
wavie3582/server.js: Using EditorConfig core...
wavie3582/server.js: Using EditorConfig core...
wavie3582/public/index.html: {}
wavie3582/public/index.html: {}
wavie3582/public/index.html: Using EditorConfig core...
wavie3582/public/index.html: Using EditorConfig core...
wavie3582/public/index.html: {}
wavie3582/public/index.html: {}
wavie3582/public/index.html: {}
wavie3582/server.js: {}
wavie3582/server.js: Using EditorConfig core...
wavie3582/server.js: {}
wavie3582/server.js: {}
wavie3582/server.js: Using EditorConfig core...
wavie3582/server.js: {}
wavie3582/server.js: {}
wavie3582/server.js: {}
wavie3582/server.js: {}
wavie3582/server.js: Using EditorConfig core...
wavie3582/server.js: Using EditorConfig core...
wavie3582/server.js: {}
wavie3582/server.js: {}
wavie3582/server.js: {}
wavie3582/server.js: {}
wavie3582/server.js: Using EditorConfig core...
wavie3582/server.js: Using EditorConfig core...
wavie3582/server.js: Using EditorConfig core...
wavie3582/server.js: {}
wavie3582/server.js: Using EditorConfig core...
wavie3582/server.js: {}
wavie3582/server.js: {}
wavie3582/server.js: Using EditorConfig core...
wavie3582/server.js: Using EditorConfig core...
wavie3582/server.js: {}
wavie3582/server.js: {}
wavie3582/public/index.html: {}
wavie3582/public/index.html: Using EditorConfig core...
wavie3582/public/index.html: Using EditorConfig core...
wavie3582/server.js: {}
wavie3582/server.js: {}
wavie3582/server.js: Using EditorConfig core...
wavie3582/server.js: Using EditorConfig core...
wavie3582/server.js: {}
wavie3582/server.js: {}
wavie3582/server.js: Using EditorConfig core...
wavie3582/server.js: Using EditorConfig core...
wavie3582/server.js: Using EditorConfig core...
wavie3582/server.js: {}
wavie3582/server.js: Using EditorConfig core...
wavie3582/server.js: Using EditorConfig core...
wavie3582/server.js: {}
wavie3582/server.js: Using EditorConfig core...
wavie3582/server.js: Using EditorConfig core...
wavie3582/server.js: {}
wavie3582/server.js: {}
wavie3582/public/index.html: {}
wavie3582/public/index.html: Using EditorConfig core...
wavie3582/public/index.html: {}
wavie3582/public/index.html: Using EditorConfig core...
wavie3582/server.js: {}
wavie3582/server.js: Using EditorConfig core...
wavie3582/server.js: Using EditorConfig core...
wavie3582/server.js: {}
wavie3582/server.js: {}
wavie3582/server.js: {}
wavie3582/server.js: {}
wavie3582/server.js: {}
wavie3582/server.js: {}
wavie3582/server.js: {}
wavie3582/server.js: {}
wavie3582/public/index.html: {}
wavie3582/public/index.html: Using EditorConfig core...
wavie3582/public/index.html: Using EditorConfig core...
wavie3582/public/index.html: {}
wavie3582/public/index.html: Using EditorConfig core...
wavie3582/public/index.html: Using EditorConfig core...
wavie3582/server.js: {}
wavie3582/server.js: {}
wavie3582/server.js: Using EditorConfig core...
wavie3582/server.js: Using EditorConfig core...
wavie3582/server.js: {}
