2025-10-28 03:39:34.958 [info] [main] Log level: Info
2025-10-28 03:39:34.958 [info] [main] Validating found git in: "git"
2025-10-28 03:39:34.958 [info] [main] Using git "2.43.0" from "git"
2025-10-28 03:39:34.958 [info] [Model][doInitialScan] Initial repository scan started
2025-10-28 03:39:34.958 [info] > git rev-parse --show-toplevel [32ms]
2025-10-28 03:39:34.958 [info] fatal: not a git repository (or any parent up to mount point /)
Stopping at filesystem boundary (GIT_DISCOVERY_ACROSS_FILESYSTEM not set).
2025-10-28 03:39:34.959 [info] > git rev-parse --show-toplevel [2ms]
2025-10-28 03:39:34.959 [info] fatal: not a git repository (or any parent up to mount point /)
Stopping at filesystem boundary (GIT_DISCOVERY_ACROSS_FILESYSTEM not set).
2025-10-28 03:39:34.959 [info] > git rev-parse --show-toplevel [2ms]
2025-10-28 03:39:34.959 [info] fatal: not a git repository (or any parent up to mount point /)
Stopping at filesystem boundary (GIT_DISCOVERY_ACROSS_FILESYSTEM not set).
2025-10-28 03:39:34.959 [info] > git rev-parse --show-toplevel [2ms]
2025-10-28 03:39:34.959 [info] fatal: not a git repository (or any parent up to mount point /)
Stopping at filesystem boundary (GIT_DISCOVERY_ACROSS_FILESYSTEM not set).
2025-10-28 03:39:34.959 [info] > git rev-parse --show-toplevel [2ms]
2025-10-28 03:39:34.959 [info] fatal: not a git repository (or any parent up to mount point /)
Stopping at filesystem boundary (GIT_DISCOVERY_ACROSS_FILESYSTEM not set).
2025-10-28 03:39:34.959 [info] > git rev-parse --show-toplevel [1ms]
2025-10-28 03:39:34.959 [info] fatal: not a git repository (or any parent up to mount point /)
Stopping at filesystem boundary (GIT_DISCOVERY_ACROSS_FILESYSTEM not set).
2025-10-28 03:39:34.959 [info] > git rev-parse --show-toplevel [1ms]
2025-10-28 03:39:34.959 [info] fatal: not a git repository (or any parent up to mount point /)
Stopping at filesystem boundary (GIT_DISCOVERY_ACROSS_FILESYSTEM not set).
2025-10-28 03:39:34.959 [info] > git rev-parse --show-toplevel [2ms]
2025-10-28 03:39:34.959 [info] fatal: not a git repository (or any parent up to mount point /)
Stopping at filesystem boundary (GIT_DISCOVERY_ACROSS_FILESYSTEM not set).
2025-10-28 03:39:34.959 [info] > git rev-parse --show-toplevel [1ms]
2025-10-28 03:39:34.959 [info] fatal: not a git repository (or any parent up to mount point /)
Stopping at filesystem boundary (GIT_DISCOVERY_ACROSS_FILESYSTEM not set).
2025-10-28 03:39:34.959 [info] [Model][doInitialScan] Initial repository scan completed - repositories (0), closed repositories (0), parent repositories (0), unsafe repositories (0)
2025-10-28 03:39:34.959 [info] > git rev-parse --show-toplevel [3ms]
2025-10-28 03:39:34.959 [info] fatal: not a git repository (or any parent up to mount point /)
Stopping at filesystem boundary (GIT_DISCOVERY_ACROSS_FILESYSTEM not set).
2025-10-28 03:56:58.008 [info] > git rev-parse --show-toplevel [5ms]
2025-10-28 03:56:58.008 [info] fatal: not a git repository (or any parent up to mount point /)
Stopping at filesystem boundary (GIT_DISCOVERY_ACROSS_FILESYSTEM not set).
2025-10-28 03:57:42.181 [info] > git rev-parse --show-toplevel [2ms]
2025-10-28 03:57:42.181 [info] fatal: not a git repository (or any parent up to mount point /)
Stopping at filesystem boundary (GIT_DISCOVERY_ACROSS_FILESYSTEM not set).
2025-10-28 04:03:38.634 [info] > git rev-parse --show-toplevel [3ms]
2025-10-28 04:03:38.634 [info] fatal: not a git repository (or any parent up to mount point /)
Stopping at filesystem boundary (GIT_DISCOVERY_ACROSS_FILESYSTEM not set).
2025-10-28 04:04:18.575 [info] > git rev-parse --show-toplevel [2ms]
2025-10-28 04:04:18.575 [info] fatal: not a git repository (or any parent up to mount point /)
Stopping at filesystem boundary (GIT_DISCOVERY_ACROSS_FILESYSTEM not set).
