2025-11-02 14:19:15.548 [info] [main] Log level: Info
2025-11-02 14:19:15.548 [info] [main] Validating found git in: "git"
2025-11-02 14:19:15.548 [info] [main] Using git "2.43.0" from "git"
2025-11-02 14:19:15.548 [info] [Model][doInitialScan] Initial repository scan started
2025-11-02 14:19:15.548 [info] > git rev-parse --show-toplevel [172ms]
2025-11-02 14:19:15.548 [info] fatal: not a git repository (or any parent up to mount point /)
Stopping at filesystem boundary (GIT_DISCOVERY_ACROSS_FILESYSTEM not set).
2025-11-02 14:19:15.548 [info] > git rev-parse --show-toplevel [1850ms]
2025-11-02 14:19:15.548 [info] fatal: not a git repository (or any parent up to mount point /)
Stopping at filesystem boundary (GIT_DISCOVERY_ACROSS_FILESYSTEM not set).
2025-11-02 14:19:15.548 [info] > git rev-parse --show-toplevel [311ms]
2025-11-02 14:19:15.548 [info] fatal: not a git repository (or any parent up to mount point /)
Stopping at filesystem boundary (GIT_DISCOVERY_ACROSS_FILESYSTEM not set).
2025-11-02 14:19:15.584 [info] > git rev-parse --show-toplevel [7ms]
2025-11-02 14:19:15.585 [info] fatal: not a git repository (or any parent up to mount point /)
Stopping at filesystem boundary (GIT_DISCOVERY_ACROSS_FILESYSTEM not set).
2025-11-02 14:19:15.618 [info] > git rev-parse --show-toplevel [18ms]
2025-11-02 14:19:15.618 [info] fatal: not a git repository (or any parent up to mount point /)
Stopping at filesystem boundary (GIT_DISCOVERY_ACROSS_FILESYSTEM not set).
2025-11-02 14:19:15.630 [info] > git rev-parse --show-toplevel [2ms]
2025-11-02 14:19:15.630 [info] fatal: not a git repository (or any parent up to mount point /)
Stopping at filesystem boundary (GIT_DISCOVERY_ACROSS_FILESYSTEM not set).
2025-11-02 14:19:15.664 [info] > git rev-parse --show-toplevel [21ms]
2025-11-02 14:19:15.664 [info] fatal: not a git repository (or any parent up to mount point /)
Stopping at filesystem boundary (GIT_DISCOVERY_ACROSS_FILESYSTEM not set).
2025-11-02 14:19:15.684 [info] > git rev-parse --show-toplevel [2ms]
2025-11-02 14:19:15.684 [info] fatal: not a git repository (or any parent up to mount point /)
Stopping at filesystem boundary (GIT_DISCOVERY_ACROSS_FILESYSTEM not set).
2025-11-02 14:19:15.722 [info] > git rev-parse --show-toplevel [28ms]
2025-11-02 14:19:15.722 [info] fatal: not a git repository (or any parent up to mount point /)
Stopping at filesystem boundary (GIT_DISCOVERY_ACROSS_FILESYSTEM not set).
2025-11-02 14:19:15.722 [info] [Model][doInitialScan] Initial repository scan completed - repositories (0), closed repositories (0), parent repositories (0), unsafe repositories (0)
2025-11-02 14:19:20.364 [info] > git rev-parse --show-toplevel [3ms]
2025-11-02 14:19:20.364 [info] fatal: not a git repository (or any parent up to mount point /)
Stopping at filesystem boundary (GIT_DISCOVERY_ACROSS_FILESYSTEM not set).
2025-11-02 14:19:40.140 [info] > git rev-parse --show-toplevel [3ms]
2025-11-02 14:19:40.140 [info] fatal: not a git repository (or any parent up to mount point /)
Stopping at filesystem boundary (GIT_DISCOVERY_ACROSS_FILESYSTEM not set).
2025-11-02 14:19:40.156 [info] > git rev-parse --show-toplevel [2ms]
2025-11-02 14:19:40.156 [info] fatal: not a git repository (or any parent up to mount point /)
Stopping at filesystem boundary (GIT_DISCOVERY_ACROSS_FILESYSTEM not set).
2025-11-02 14:19:40.173 [info] > git rev-parse --show-toplevel [2ms]
2025-11-02 14:19:40.173 [info] fatal: not a git repository (or any parent up to mount point /)
Stopping at filesystem boundary (GIT_DISCOVERY_ACROSS_FILESYSTEM not set).
2025-11-02 14:20:29.357 [info] > git rev-parse --show-toplevel [2ms]
2025-11-02 14:20:29.357 [info] fatal: not a git repository (or any parent up to mount point /)
Stopping at filesystem boundary (GIT_DISCOVERY_ACROSS_FILESYSTEM not set).
2025-11-02 14:20:38.386 [info] > git rev-parse --show-toplevel [2ms]
2025-11-02 14:20:38.386 [info] fatal: not a git repository (or any parent up to mount point /)
Stopping at filesystem boundary (GIT_DISCOVERY_ACROSS_FILESYSTEM not set).
2025-11-02 14:46:49.725 [info] > git rev-parse --show-toplevel [15ms]
2025-11-02 14:46:49.725 [info] fatal: not a git repository (or any parent up to mount point /)
Stopping at filesystem boundary (GIT_DISCOVERY_ACROSS_FILESYSTEM not set).
2025-11-02 14:47:35.401 [info] > git rev-parse --show-toplevel [3ms]
2025-11-02 14:47:35.401 [info] fatal: not a git repository (or any parent up to mount point /)
Stopping at filesystem boundary (GIT_DISCOVERY_ACROSS_FILESYSTEM not set).
2025-11-02 14:48:23.877 [info] > git rev-parse --show-toplevel [1ms]
2025-11-02 14:48:23.877 [info] fatal: not a git repository (or any parent up to mount point /)
Stopping at filesystem boundary (GIT_DISCOVERY_ACROSS_FILESYSTEM not set).
2025-11-02 14:49:48.523 [info] > git rev-parse --show-toplevel [3ms]
2025-11-02 14:49:48.523 [info] fatal: not a git repository (or any parent up to mount point /)
Stopping at filesystem boundary (GIT_DISCOVERY_ACROSS_FILESYSTEM not set).
