2025-11-11 19:27:36.416 [info] [main] Log level: Info
2025-11-11 19:27:36.416 [info] [main] Validating found git in: "git"
2025-11-11 19:27:36.416 [info] [main] Using git "2.43.0" from "git"
2025-11-11 19:27:36.416 [info] [Model][doInitialScan] Initial repository scan started
2025-11-11 19:27:36.416 [info] > git rev-parse --show-toplevel [33ms]
2025-11-11 19:27:36.416 [info] > git rev-parse --git-dir --git-common-dir [2ms]
2025-11-11 19:27:36.416 [info] [Model][openRepository] Opened repository (path): /home/wavie3582
2025-11-11 19:27:36.416 [info] [Model][openRepository] Opened repository (real path): /home/wavie3582
2025-11-11 19:27:36.416 [info] > git rev-parse --show-toplevel [32ms]
2025-11-11 19:27:36.416 [info] > git config --get commit.template [35ms]
2025-11-11 19:27:36.416 [info] > git rev-parse --show-toplevel [16ms]
2025-11-11 19:27:36.416 [info] > git rev-parse --show-toplevel [11ms]
2025-11-11 19:27:36.425 [info] > git rev-parse --show-toplevel [4ms]
2025-11-11 19:27:36.451 [info] > git for-each-ref --format=%(refname)%00%(upstream:short)%00%(objectname)%00%(upstream:track)%00%(upstream:remotename)%00%(upstream:remoteref) refs/heads/main refs/remotes/main [61ms]
2025-11-11 19:27:36.453 [info] > git rev-parse --show-toplevel [24ms]
2025-11-11 19:27:36.571 [info] > git rev-parse --show-toplevel [113ms]
2025-11-11 19:27:37.041 [info] > git for-each-ref --sort -committerdate --format %(refname)%00%(objectname)%00%(*objectname) [485ms]
2025-11-11 19:27:37.071 [info] > git status -z -uall [521ms]
2025-11-11 19:27:37.072 [info] > git check-ignore -v -z --stdin [25ms]
2025-11-11 19:27:37.073 [info] > git rev-parse --show-toplevel [497ms]
2025-11-11 19:27:37.128 [info] > git for-each-ref --format=%(refname)%00%(upstream:short)%00%(objectname)%00%(upstream:track)%00%(upstream:remotename)%00%(upstream:remoteref) refs/heads/main refs/remotes/main [32ms]
2025-11-11 19:27:37.142 [info] > git rev-parse --show-toplevel [37ms]
2025-11-11 19:27:37.142 [info] [Model][doInitialScan] Initial repository scan completed - repositories (1), closed repositories (0), parent repositories (0), unsafe repositories (0)
2025-11-11 19:27:39.219 [info] > git config --get commit.template [2081ms]
2025-11-11 19:27:39.219 [info] > git config --get --local branch.main.vscode-merge-base [2086ms]
2025-11-11 19:27:39.220 [warning] [Git][config] git config failed: Failed to execute git
2025-11-11 19:27:39.510 [info] > git for-each-ref --format=%(refname)%00%(upstream:short)%00%(objectname)%00%(upstream:track)%00%(upstream:remotename)%00%(upstream:remoteref) refs/heads/main refs/remotes/main [249ms]
2025-11-11 19:27:39.511 [info] > git reflog main --grep-reflog=branch: Created from *. [285ms]
2025-11-11 19:27:39.551 [info] > git symbolic-ref --short refs/remotes/origin/HEAD [21ms]
2025-11-11 19:27:39.552 [info] fatal: ref refs/remotes/origin/HEAD is not a symbolic ref
2025-11-11 19:27:39.552 [warning] [Repository][getDefaultBranch] Failed to get default branch details: Failed to execute git.
2025-11-11 19:27:39.579 [info] > git merge-base refs/heads/main refs/remotes/origin/main [12ms]
2025-11-11 19:27:39.665 [info] > git for-each-ref --sort -committerdate --format %(refname)%00%(objectname)%00%(*objectname) [52ms]
2025-11-11 19:27:39.666 [info] > git diff --name-status -z --diff-filter=ADMR 59e188c164974404939e344f692cb0da0316c489...refs/remotes/origin/main [79ms]
2025-11-11 19:27:39.688 [info] > git status -z -uall [87ms]
2025-11-11 19:27:39.955 [info] > git show --textconv :package.json [32ms]
2025-11-11 19:27:39.956 [info] > git ls-files --stage -- package.json [26ms]
2025-11-11 19:27:39.967 [info] > git cat-file -s bcb8d6ebc68a7dfee641a17541ee3c1f55a44477 [4ms]
2025-11-11 19:27:40.182 [info] > git blame --root --incremental 59e188c164974404939e344f692cb0da0316c489 -- package.json [35ms]
2025-11-11 19:31:09.435 [info] > git config --get commit.template [6ms]
2025-11-11 19:31:09.435 [info] > git for-each-ref --format=%(refname)%00%(upstream:short)%00%(objectname)%00%(upstream:track)%00%(upstream:remotename)%00%(upstream:remoteref) refs/heads/main refs/remotes/main [2ms]
2025-11-11 19:31:09.453 [info] > git for-each-ref --sort -committerdate --format %(refname)%00%(objectname)%00%(*objectname) [2ms]
2025-11-11 19:31:09.472 [info] > git ls-files --stage -- package.json [4ms]
2025-11-11 19:31:09.479 [info] > git status -z -uall [37ms]
2025-11-11 19:31:09.484 [info] > git cat-file -s bcb8d6ebc68a7dfee641a17541ee3c1f55a44477 [7ms]
2025-11-11 19:31:09.538 [info] > git show --textconv :package.json [3ms]
2025-11-11 19:31:14.500 [info] > git config --get commit.template [7ms]
2025-11-11 19:31:14.501 [info] > git for-each-ref --format=%(refname)%00%(upstream:short)%00%(objectname)%00%(upstream:track)%00%(upstream:remotename)%00%(upstream:remoteref) refs/heads/main refs/remotes/main [2ms]
2025-11-11 19:31:14.516 [info] > git for-each-ref --sort -committerdate --format %(refname)%00%(objectname)%00%(*objectname) [3ms]
2025-11-11 19:31:14.541 [info] > git status -z -uall [35ms]
2025-11-11 19:31:19.558 [info] > git config --get commit.template [6ms]
2025-11-11 19:31:19.559 [info] > git for-each-ref --format=%(refname)%00%(upstream:short)%00%(objectname)%00%(upstream:track)%00%(upstream:remotename)%00%(upstream:remoteref) refs/heads/main refs/remotes/main [2ms]
2025-11-11 19:31:19.575 [info] > git for-each-ref --sort -committerdate --format %(refname)%00%(objectname)%00%(*objectname) [1ms]
2025-11-11 19:31:19.601 [info] > git status -z -uall [35ms]
2025-11-11 19:31:24.617 [info] > git config --get commit.template [6ms]
2025-11-11 19:31:24.619 [info] > git for-each-ref --format=%(refname)%00%(upstream:short)%00%(objectname)%00%(upstream:track)%00%(upstream:remotename)%00%(upstream:remoteref) refs/heads/main refs/remotes/main [2ms]
2025-11-11 19:31:24.634 [info] > git for-each-ref --sort -committerdate --format %(refname)%00%(objectname)%00%(*objectname) [1ms]
2025-11-11 19:31:24.659 [info] > git status -z -uall [35ms]
2025-11-11 19:31:29.681 [info] > git config --get commit.template [9ms]
2025-11-11 19:31:29.683 [info] > git for-each-ref --format=%(refname)%00%(upstream:short)%00%(objectname)%00%(upstream:track)%00%(upstream:remotename)%00%(upstream:remoteref) refs/heads/main refs/remotes/main [2ms]
2025-11-11 19:31:29.701 [info] > git for-each-ref --sort -committerdate --format %(refname)%00%(objectname)%00%(*objectname) [1ms]
2025-11-11 19:31:29.725 [info] > git status -z -uall [35ms]
2025-11-11 19:31:34.741 [info] > git config --get commit.template [6ms]
2025-11-11 19:31:34.742 [info] > git for-each-ref --format=%(refname)%00%(upstream:short)%00%(objectname)%00%(upstream:track)%00%(upstream:remotename)%00%(upstream:remoteref) refs/heads/main refs/remotes/main [2ms]
2025-11-11 19:31:34.757 [info] > git for-each-ref --sort -committerdate --format %(refname)%00%(objectname)%00%(*objectname) [3ms]
2025-11-11 19:31:34.781 [info] > git status -z -uall [33ms]
2025-11-11 19:31:48.927 [info] > git config --get commit.template [6ms]
2025-11-11 19:31:48.928 [info] > git for-each-ref --format=%(refname)%00%(upstream:short)%00%(objectname)%00%(upstream:track)%00%(upstream:remotename)%00%(upstream:remoteref) refs/heads/main refs/remotes/main [2ms]
2025-11-11 19:31:48.944 [info] > git for-each-ref --sort -committerdate --format %(refname)%00%(objectname)%00%(*objectname) [2ms]
2025-11-11 19:31:48.967 [info] > git status -z -uall [33ms]
2025-11-11 19:31:52.251 [info] > git ls-files --stage -- server.js [12ms]
2025-11-11 19:31:52.280 [info] > git show --textconv :server.js [60ms]
2025-11-11 19:31:52.282 [info] > git cat-file -s a5678ef6f37b1784781d9f6b15ba5de278ef99d4 [14ms]
2025-11-11 19:31:52.392 [info] > git blame --root --incremental 59e188c164974404939e344f692cb0da0316c489 -- server.js [3ms]
2025-11-11 19:31:53.985 [info] > git config --get commit.template [7ms]
2025-11-11 19:31:53.987 [info] > git for-each-ref --format=%(refname)%00%(upstream:short)%00%(objectname)%00%(upstream:track)%00%(upstream:remotename)%00%(upstream:remoteref) refs/heads/main refs/remotes/main [3ms]
2025-11-11 19:31:54.004 [info] > git for-each-ref --sort -committerdate --format %(refname)%00%(objectname)%00%(*objectname) [2ms]
2025-11-11 19:31:54.028 [info] > git status -z -uall [35ms]
2025-11-11 19:32:03.378 [info] > git config --get commit.template [6ms]
2025-11-11 19:32:03.379 [info] > git for-each-ref --format=%(refname)%00%(upstream:short)%00%(objectname)%00%(upstream:track)%00%(upstream:remotename)%00%(upstream:remoteref) refs/heads/main refs/remotes/main [2ms]
2025-11-11 19:32:03.394 [info] > git for-each-ref --sort -committerdate --format %(refname)%00%(objectname)%00%(*objectname) [2ms]
2025-11-11 19:32:03.418 [info] > git status -z -uall [33ms]
2025-11-11 19:32:08.434 [info] > git config --get commit.template [6ms]
2025-11-11 19:32:08.435 [info] > git for-each-ref --format=%(refname)%00%(upstream:short)%00%(objectname)%00%(upstream:track)%00%(upstream:remotename)%00%(upstream:remoteref) refs/heads/main refs/remotes/main [2ms]
2025-11-11 19:32:08.451 [info] > git for-each-ref --sort -committerdate --format %(refname)%00%(objectname)%00%(*objectname) [3ms]
2025-11-11 19:32:08.475 [info] > git status -z -uall [34ms]
2025-11-11 19:32:13.491 [info] > git config --get commit.template [6ms]
2025-11-11 19:32:13.493 [info] > git for-each-ref --format=%(refname)%00%(upstream:short)%00%(objectname)%00%(upstream:track)%00%(upstream:remotename)%00%(upstream:remoteref) refs/heads/main refs/remotes/main [2ms]
2025-11-11 19:32:13.507 [info] > git for-each-ref --sort -committerdate --format %(refname)%00%(objectname)%00%(*objectname) [3ms]
2025-11-11 19:32:13.533 [info] > git status -z -uall [35ms]
2025-11-11 19:33:10.196 [info] > git config --get commit.template [6ms]
2025-11-11 19:33:10.198 [info] > git for-each-ref --format=%(refname)%00%(upstream:short)%00%(objectname)%00%(upstream:track)%00%(upstream:remotename)%00%(upstream:remoteref) refs/heads/main refs/remotes/main [2ms]
2025-11-11 19:33:10.213 [info] > git for-each-ref --sort -committerdate --format %(refname)%00%(objectname)%00%(*objectname) [2ms]
2025-11-11 19:33:10.238 [info] > git status -z -uall [34ms]
2025-11-11 19:33:15.253 [info] > git config --get commit.template [6ms]
2025-11-11 19:33:15.254 [info] > git for-each-ref --format=%(refname)%00%(upstream:short)%00%(objectname)%00%(upstream:track)%00%(upstream:remotename)%00%(upstream:remoteref) refs/heads/main refs/remotes/main [2ms]
2025-11-11 19:33:15.275 [info] > git for-each-ref --sort -committerdate --format %(refname)%00%(objectname)%00%(*objectname) [7ms]
2025-11-11 19:33:15.303 [info] > git status -z -uall [43ms]
2025-11-11 19:33:20.314 [info] > git config --get commit.template [2ms]
2025-11-11 19:33:20.321 [info] > git for-each-ref --format=%(refname)%00%(upstream:short)%00%(objectname)%00%(upstream:track)%00%(upstream:remotename)%00%(upstream:remoteref) refs/heads/main refs/remotes/main [2ms]
2025-11-11 19:33:20.337 [info] > git for-each-ref --sort -committerdate --format %(refname)%00%(objectname)%00%(*objectname) [2ms]
2025-11-11 19:33:20.361 [info] > git status -z -uall [35ms]
2025-11-11 19:33:25.376 [info] > git config --get commit.template [6ms]
2025-11-11 19:33:25.378 [info] > git for-each-ref --format=%(refname)%00%(upstream:short)%00%(objectname)%00%(upstream:track)%00%(upstream:remotename)%00%(upstream:remoteref) refs/heads/main refs/remotes/main [3ms]
2025-11-11 19:33:25.391 [info] > git for-each-ref --sort -committerdate --format %(refname)%00%(objectname)%00%(*objectname) [1ms]
2025-11-11 19:33:25.416 [info] > git status -z -uall [34ms]
2025-11-11 19:33:51.105 [info] > git config --get commit.template [5ms]
2025-11-11 19:33:51.106 [info] > git for-each-ref --format=%(refname)%00%(upstream:short)%00%(objectname)%00%(upstream:track)%00%(upstream:remotename)%00%(upstream:remoteref) refs/heads/main refs/remotes/main [2ms]
2025-11-11 19:33:51.120 [info] > git for-each-ref --sort -committerdate --format %(refname)%00%(objectname)%00%(*objectname) [2ms]
2025-11-11 19:33:51.145 [info] > git status -z -uall [34ms]
2025-11-11 19:33:56.162 [info] > git config --get commit.template [6ms]
2025-11-11 19:33:56.163 [info] > git for-each-ref --format=%(refname)%00%(upstream:short)%00%(objectname)%00%(upstream:track)%00%(upstream:remotename)%00%(upstream:remoteref) refs/heads/main refs/remotes/main [2ms]
2025-11-11 19:33:56.179 [info] > git for-each-ref --sort -committerdate --format %(refname)%00%(objectname)%00%(*objectname) [3ms]
2025-11-11 19:33:56.203 [info] > git status -z -uall [34ms]
2025-11-11 19:33:57.723 [info] > git show --textconv :package.json [6ms]
2025-11-11 19:33:57.726 [info] > git ls-files --stage -- package.json [4ms]
2025-11-11 19:33:57.733 [info] > git cat-file -s bcb8d6ebc68a7dfee641a17541ee3c1f55a44477 [2ms]
2025-11-11 19:34:05.489 [info] > git config --get commit.template [7ms]
2025-11-11 19:34:05.490 [info] > git for-each-ref --format=%(refname)%00%(upstream:short)%00%(objectname)%00%(upstream:track)%00%(upstream:remotename)%00%(upstream:remoteref) refs/heads/main refs/remotes/main [2ms]
2025-11-11 19:34:05.505 [info] > git for-each-ref --sort -committerdate --format %(refname)%00%(objectname)%00%(*objectname) [2ms]
2025-11-11 19:34:05.529 [info] > git status -z -uall [34ms]
2025-11-11 19:34:14.493 [info] > git config --get commit.template [8ms]
2025-11-11 19:34:14.493 [info] > git for-each-ref --format=%(refname)%00%(upstream:short)%00%(objectname)%00%(upstream:track)%00%(upstream:remotename)%00%(upstream:remoteref) refs/heads/main refs/remotes/main [3ms]
2025-11-11 19:34:14.511 [info] > git for-each-ref --sort -committerdate --format %(refname)%00%(objectname)%00%(*objectname) [3ms]
2025-11-11 19:34:14.534 [info] > git status -z -uall [34ms]
2025-11-11 19:37:26.607 [info] > git config --get commit.template [7ms]
2025-11-11 19:37:26.608 [info] > git for-each-ref --format=%(refname)%00%(upstream:short)%00%(objectname)%00%(upstream:track)%00%(upstream:remotename)%00%(upstream:remoteref) refs/heads/main refs/remotes/main [2ms]
2025-11-11 19:37:26.624 [info] > git for-each-ref --sort -committerdate --format %(refname)%00%(objectname)%00%(*objectname) [2ms]
2025-11-11 19:37:26.648 [info] > git status -z -uall [34ms]
2025-11-11 19:37:31.659 [info] > git config --get commit.template [2ms]
2025-11-11 19:37:31.666 [info] > git for-each-ref --format=%(refname)%00%(upstream:short)%00%(objectname)%00%(upstream:track)%00%(upstream:remotename)%00%(upstream:remoteref) refs/heads/main refs/remotes/main [2ms]
2025-11-11 19:37:31.681 [info] > git for-each-ref --sort -committerdate --format %(refname)%00%(objectname)%00%(*objectname) [3ms]
2025-11-11 19:37:31.706 [info] > git status -z -uall [34ms]
2025-11-11 19:37:36.735 [info] > git config --get commit.template [6ms]
2025-11-11 19:37:36.736 [info] > git for-each-ref --format=%(refname)%00%(upstream:short)%00%(objectname)%00%(upstream:track)%00%(upstream:remotename)%00%(upstream:remoteref) refs/heads/main refs/remotes/main [2ms]
2025-11-11 19:37:36.753 [info] > git for-each-ref --sort -committerdate --format %(refname)%00%(objectname)%00%(*objectname) [2ms]
2025-11-11 19:37:36.777 [info] > git status -z -uall [35ms]
2025-11-11 19:37:41.794 [info] > git config --get commit.template [6ms]
2025-11-11 19:37:41.796 [info] > git for-each-ref --format=%(refname)%00%(upstream:short)%00%(objectname)%00%(upstream:track)%00%(upstream:remotename)%00%(upstream:remoteref) refs/heads/main refs/remotes/main [3ms]
2025-11-11 19:37:41.811 [info] > git for-each-ref --sort -committerdate --format %(refname)%00%(objectname)%00%(*objectname) [1ms]
2025-11-11 19:37:41.837 [info] > git status -z -uall [35ms]
2025-11-11 19:37:55.928 [info] > git config --get commit.template [2ms]
2025-11-11 19:37:55.935 [info] > git for-each-ref --format=%(refname)%00%(upstream:short)%00%(objectname)%00%(upstream:track)%00%(upstream:remotename)%00%(upstream:remoteref) refs/heads/main refs/remotes/main [2ms]
2025-11-11 19:37:55.952 [info] > git for-each-ref --sort -committerdate --format %(refname)%00%(objectname)%00%(*objectname) [0ms]
2025-11-11 19:37:55.976 [info] > git status -z -uall [35ms]
2025-11-11 19:41:38.238 [info] > git config --get commit.template [6ms]
2025-11-11 19:41:38.239 [info] > git for-each-ref --format=%(refname)%00%(upstream:short)%00%(objectname)%00%(upstream:track)%00%(upstream:remotename)%00%(upstream:remoteref) refs/heads/main refs/remotes/main [2ms]
2025-11-11 19:41:38.255 [info] > git for-each-ref --sort -committerdate --format %(refname)%00%(objectname)%00%(*objectname) [2ms]
2025-11-11 19:41:38.280 [info] > git status -z -uall [35ms]
2025-11-11 19:41:38.298 [info] > git blame --root --incremental 1a42b88bb84f5ab12b545b901716f4ff9da60f5c -- package.json [7ms]
2025-11-11 19:41:38.299 [info] > git merge-base refs/heads/main refs/remotes/origin/main [3ms]
2025-11-11 19:41:38.307 [info] > git diff --name-status -z --diff-filter=ADMR 1a42b88bb84f5ab12b545b901716f4ff9da60f5c...refs/remotes/origin/main [3ms]
2025-11-11 19:41:38.355 [info] > git ls-files --stage -- package.json [3ms]
2025-11-11 19:41:38.362 [info] > git cat-file -s 78fca282dd2a94a7ff76f41b91a4103c844adfae [1ms]
2025-11-11 19:41:38.512 [info] > git show --textconv :package.json [3ms]
2025-11-11 19:41:43.158 [info] > git ls-files --stage -- public/index.html [3ms]
2025-11-11 19:41:43.186 [info] > git show --textconv :public/index.html [38ms]
2025-11-11 19:41:43.187 [info] > git cat-file -s 50d46ef0a9bb23fd357ef718beb7f79e1877a84c [24ms]
2025-11-11 19:41:43.330 [info] > git config --get commit.template [22ms]
2025-11-11 19:41:43.330 [info] > git for-each-ref --format=%(refname)%00%(upstream:short)%00%(objectname)%00%(upstream:track)%00%(upstream:remotename)%00%(upstream:remoteref) refs/heads/main refs/remotes/main [14ms]
2025-11-11 19:41:43.353 [info] > git for-each-ref --sort -committerdate --format %(refname)%00%(objectname)%00%(*objectname) [3ms]
2025-11-11 19:41:43.356 [info] > git blame --root --incremental 1a42b88bb84f5ab12b545b901716f4ff9da60f5c -- public/index.html [27ms]
2025-11-11 19:41:43.401 [info] > git status -z -uall [63ms]
2025-11-11 19:41:50.036 [info] > git config --get commit.template [7ms]
2025-11-11 19:41:50.038 [info] > git for-each-ref --format=%(refname)%00%(upstream:short)%00%(objectname)%00%(upstream:track)%00%(upstream:remotename)%00%(upstream:remoteref) refs/heads/main refs/remotes/main [2ms]
2025-11-11 19:41:50.055 [info] > git for-each-ref --sort -committerdate --format %(refname)%00%(objectname)%00%(*objectname) [2ms]
2025-11-11 19:41:50.078 [info] > git status -z -uall [35ms]
2025-11-11 19:41:55.093 [info] > git config --get commit.template [7ms]
2025-11-11 19:41:55.094 [info] > git for-each-ref --format=%(refname)%00%(upstream:short)%00%(objectname)%00%(upstream:track)%00%(upstream:remotename)%00%(upstream:remoteref) refs/heads/main refs/remotes/main [2ms]
2025-11-11 19:41:55.111 [info] > git for-each-ref --sort -committerdate --format %(refname)%00%(objectname)%00%(*objectname) [2ms]
2025-11-11 19:41:55.135 [info] > git status -z -uall [35ms]
2025-11-11 19:42:00.149 [info] > git config --get commit.template [6ms]
2025-11-11 19:42:00.151 [info] > git for-each-ref --format=%(refname)%00%(upstream:short)%00%(objectname)%00%(upstream:track)%00%(upstream:remotename)%00%(upstream:remoteref) refs/heads/main refs/remotes/main [2ms]
2025-11-11 19:42:00.165 [info] > git for-each-ref --sort -committerdate --format %(refname)%00%(objectname)%00%(*objectname) [1ms]
2025-11-11 19:42:00.191 [info] > git status -z -uall [35ms]
2025-11-11 19:42:05.206 [info] > git config --get commit.template [6ms]
2025-11-11 19:42:05.207 [info] > git for-each-ref --format=%(refname)%00%(upstream:short)%00%(objectname)%00%(upstream:track)%00%(upstream:remotename)%00%(upstream:remoteref) refs/heads/main refs/remotes/main [2ms]
2025-11-11 19:42:05.222 [info] > git for-each-ref --sort -committerdate --format %(refname)%00%(objectname)%00%(*objectname) [3ms]
2025-11-11 19:42:05.248 [info] > git status -z -uall [34ms]
2025-11-11 19:42:10.257 [info] > git config --get commit.template [2ms]
2025-11-11 19:42:10.264 [info] > git for-each-ref --format=%(refname)%00%(upstream:short)%00%(objectname)%00%(upstream:track)%00%(upstream:remotename)%00%(upstream:remoteref) refs/heads/main refs/remotes/main [2ms]
2025-11-11 19:42:10.280 [info] > git for-each-ref --sort -committerdate --format %(refname)%00%(objectname)%00%(*objectname) [2ms]
2025-11-11 19:42:10.303 [info] > git status -z -uall [33ms]
2025-11-11 19:42:26.043 [info] > git config --get commit.template [1ms]
2025-11-11 19:42:26.051 [info] > git for-each-ref --format=%(refname)%00%(upstream:short)%00%(objectname)%00%(upstream:track)%00%(upstream:remotename)%00%(upstream:remoteref) refs/heads/main refs/remotes/main [1ms]
2025-11-11 19:42:26.067 [info] > git for-each-ref --sort -committerdate --format %(refname)%00%(objectname)%00%(*objectname) [4ms]
2025-11-11 19:42:26.092 [info] > git status -z -uall [35ms]
2025-11-11 19:42:28.152 [info] > git show --textconv :server.js [6ms]
2025-11-11 19:42:28.156 [info] > git ls-files --stage -- server.js [4ms]
2025-11-11 19:42:28.163 [info] > git cat-file -s c8a256486ed8468f0f5d54683c63cb7dcb628393 [2ms]
2025-11-11 19:42:28.241 [info] > git blame --root --incremental 1a42b88bb84f5ab12b545b901716f4ff9da60f5c -- server.js [3ms]
2025-11-11 19:42:31.106 [info] > git config --get commit.template [6ms]
2025-11-11 19:42:31.107 [info] > git for-each-ref --format=%(refname)%00%(upstream:short)%00%(objectname)%00%(upstream:track)%00%(upstream:remotename)%00%(upstream:remoteref) refs/heads/main refs/remotes/main [2ms]
2025-11-11 19:42:31.123 [info] > git for-each-ref --sort -committerdate --format %(refname)%00%(objectname)%00%(*objectname) [3ms]
2025-11-11 19:42:31.147 [info] > git status -z -uall [35ms]
2025-11-11 19:42:37.061 [info] > git config --get commit.template [7ms]
2025-11-11 19:42:37.062 [info] > git for-each-ref --format=%(refname)%00%(upstream:short)%00%(objectname)%00%(upstream:track)%00%(upstream:remotename)%00%(upstream:remoteref) refs/heads/main refs/remotes/main [2ms]
2025-11-11 19:42:37.076 [info] > git for-each-ref --sort -committerdate --format %(refname)%00%(objectname)%00%(*objectname) [2ms]
2025-11-11 19:42:37.102 [info] > git status -z -uall [35ms]
2025-11-11 19:42:42.117 [info] > git config --get commit.template [6ms]
2025-11-11 19:42:42.118 [info] > git for-each-ref --format=%(refname)%00%(upstream:short)%00%(objectname)%00%(upstream:track)%00%(upstream:remotename)%00%(upstream:remoteref) refs/heads/main refs/remotes/main [2ms]
2025-11-11 19:42:42.134 [info] > git for-each-ref --sort -committerdate --format %(refname)%00%(objectname)%00%(*objectname) [3ms]
2025-11-11 19:42:42.159 [info] > git status -z -uall [35ms]
2025-11-11 19:42:47.173 [info] > git config --get commit.template [6ms]
2025-11-11 19:42:47.175 [info] > git for-each-ref --format=%(refname)%00%(upstream:short)%00%(objectname)%00%(upstream:track)%00%(upstream:remotename)%00%(upstream:remoteref) refs/heads/main refs/remotes/main [1ms]
2025-11-11 19:42:47.191 [info] > git for-each-ref --sort -committerdate --format %(refname)%00%(objectname)%00%(*objectname) [3ms]
2025-11-11 19:42:47.215 [info] > git status -z -uall [34ms]
2025-11-11 19:43:02.846 [info] > git config --get commit.template [6ms]
2025-11-11 19:43:02.847 [info] > git for-each-ref --format=%(refname)%00%(upstream:short)%00%(objectname)%00%(upstream:track)%00%(upstream:remotename)%00%(upstream:remoteref) refs/heads/main refs/remotes/main [2ms]
2025-11-11 19:43:02.862 [info] > git for-each-ref --sort -committerdate --format %(refname)%00%(objectname)%00%(*objectname) [2ms]
2025-11-11 19:43:02.885 [info] > git status -z -uall [33ms]
2025-11-11 19:53:20.160 [info] > git config --get commit.template [6ms]
2025-11-11 19:53:20.162 [info] > git for-each-ref --format=%(refname)%00%(upstream:short)%00%(objectname)%00%(upstream:track)%00%(upstream:remotename)%00%(upstream:remoteref) refs/heads/main refs/remotes/main [3ms]
2025-11-11 19:53:20.178 [info] > git for-each-ref --sort -committerdate --format %(refname)%00%(objectname)%00%(*objectname) [2ms]
2025-11-11 19:53:20.202 [info] > git status -z -uall [35ms]
2025-11-11 19:53:20.217 [info] > git blame --root --incremental 2f2033095cf14317c7e73f084bffda5406efdb9f -- server.js [6ms]
2025-11-11 19:53:20.218 [info] > git merge-base refs/heads/main refs/remotes/origin/main [3ms]
2025-11-11 19:53:20.225 [info] > git diff --name-status -z --diff-filter=ADMR 2f2033095cf14317c7e73f084bffda5406efdb9f...refs/remotes/origin/main [2ms]
2025-11-11 19:53:20.635 [info] > git ls-files --stage -- server.js [3ms]
2025-11-11 19:53:20.642 [info] > git cat-file -s 3a67005dc505609ea7ebca73d56f14fd22c76925 [2ms]
2025-11-11 19:53:20.892 [info] > git show --textconv :server.js [4ms]
2025-11-11 19:53:22.271 [info] > git show --textconv :public/index.html [7ms]
2025-11-11 19:53:22.273 [info] > git ls-files --stage -- public/index.html [3ms]
2025-11-11 19:53:22.280 [info] > git cat-file -s 1fe4c87bc65e11aa5cf2d05cc62aca0e91030f4d [2ms]
2025-11-11 19:53:22.418 [info] > git blame --root --incremental 2f2033095cf14317c7e73f084bffda5406efdb9f -- public/index.html [3ms]
2025-11-11 19:53:25.226 [info] > git config --get commit.template [3ms]
2025-11-11 19:53:25.233 [info] > git for-each-ref --format=%(refname)%00%(upstream:short)%00%(objectname)%00%(upstream:track)%00%(upstream:remotename)%00%(upstream:remoteref) refs/heads/main refs/remotes/main [2ms]
2025-11-11 19:53:25.249 [info] > git for-each-ref --sort -committerdate --format %(refname)%00%(objectname)%00%(*objectname) [2ms]
2025-11-11 19:53:25.273 [info] > git status -z -uall [34ms]
2025-11-11 19:53:30.287 [info] > git config --get commit.template [6ms]
2025-11-11 19:53:30.289 [info] > git for-each-ref --format=%(refname)%00%(upstream:short)%00%(objectname)%00%(upstream:track)%00%(upstream:remotename)%00%(upstream:remoteref) refs/heads/main refs/remotes/main [2ms]
2025-11-11 19:53:30.304 [info] > git for-each-ref --sort -committerdate --format %(refname)%00%(objectname)%00%(*objectname) [3ms]
2025-11-11 19:53:30.330 [info] > git status -z -uall [35ms]
2025-11-11 19:54:34.234 [info] > git config --get commit.template [2ms]
2025-11-11 19:54:34.241 [info] > git for-each-ref --format=%(refname)%00%(upstream:short)%00%(objectname)%00%(upstream:track)%00%(upstream:remotename)%00%(upstream:remoteref) refs/heads/main refs/remotes/main [2ms]
2025-11-11 19:54:34.258 [info] > git for-each-ref --sort -committerdate --format %(refname)%00%(objectname)%00%(*objectname) [2ms]
2025-11-11 19:54:34.282 [info] > git status -z -uall [35ms]
2025-11-11 19:54:39.298 [info] > git config --get commit.template [7ms]
2025-11-11 19:54:39.298 [info] > git for-each-ref --format=%(refname)%00%(upstream:short)%00%(objectname)%00%(upstream:track)%00%(upstream:remotename)%00%(upstream:remoteref) refs/heads/main refs/remotes/main [2ms]
2025-11-11 19:54:39.313 [info] > git for-each-ref --sort -committerdate --format %(refname)%00%(objectname)%00%(*objectname) [3ms]
2025-11-11 19:54:39.338 [info] > git status -z -uall [34ms]
2025-11-11 19:54:44.352 [info] > git config --get commit.template [6ms]
2025-11-11 19:54:44.353 [info] > git for-each-ref --format=%(refname)%00%(upstream:short)%00%(objectname)%00%(upstream:track)%00%(upstream:remotename)%00%(upstream:remoteref) refs/heads/main refs/remotes/main [2ms]
2025-11-11 19:54:44.369 [info] > git for-each-ref --sort -committerdate --format %(refname)%00%(objectname)%00%(*objectname) [2ms]
2025-11-11 19:54:44.392 [info] > git status -z -uall [33ms]
2025-11-11 19:54:49.407 [info] > git config --get commit.template [7ms]
2025-11-11 19:54:49.409 [info] > git for-each-ref --format=%(refname)%00%(upstream:short)%00%(objectname)%00%(upstream:track)%00%(upstream:remotename)%00%(upstream:remoteref) refs/heads/main refs/remotes/main [3ms]
2025-11-11 19:54:49.423 [info] > git for-each-ref --sort -committerdate --format %(refname)%00%(objectname)%00%(*objectname) [2ms]
2025-11-11 19:54:49.448 [info] > git status -z -uall [34ms]
2025-11-11 19:55:02.793 [info] > git config --get commit.template [8ms]
2025-11-11 19:55:02.794 [info] > git for-each-ref --format=%(refname)%00%(upstream:short)%00%(objectname)%00%(upstream:track)%00%(upstream:remotename)%00%(upstream:remoteref) refs/heads/main refs/remotes/main [2ms]
2025-11-11 19:55:02.810 [info] > git for-each-ref --sort -committerdate --format %(refname)%00%(objectname)%00%(*objectname) [1ms]
2025-11-11 19:55:02.835 [info] > git status -z -uall [35ms]
2025-11-11 19:55:07.849 [info] > git config --get commit.template [6ms]
2025-11-11 19:55:07.851 [info] > git for-each-ref --format=%(refname)%00%(upstream:short)%00%(objectname)%00%(upstream:track)%00%(upstream:remotename)%00%(upstream:remoteref) refs/heads/main refs/remotes/main [3ms]
2025-11-11 19:55:07.867 [info] > git for-each-ref --sort -committerdate --format %(refname)%00%(objectname)%00%(*objectname) [5ms]
2025-11-11 19:55:07.891 [info] > git status -z -uall [35ms]
2025-11-11 19:55:12.905 [info] > git config --get commit.template [6ms]
2025-11-11 19:55:12.906 [info] > git for-each-ref --format=%(refname)%00%(upstream:short)%00%(objectname)%00%(upstream:track)%00%(upstream:remotename)%00%(upstream:remoteref) refs/heads/main refs/remotes/main [2ms]
2025-11-11 19:55:12.923 [info] > git for-each-ref --sort -committerdate --format %(refname)%00%(objectname)%00%(*objectname) [3ms]
2025-11-11 19:55:12.949 [info] > git status -z -uall [37ms]
2025-11-11 19:55:17.964 [info] > git config --get commit.template [6ms]
2025-11-11 19:55:17.966 [info] > git for-each-ref --format=%(refname)%00%(upstream:short)%00%(objectname)%00%(upstream:track)%00%(upstream:remotename)%00%(upstream:remoteref) refs/heads/main refs/remotes/main [3ms]
2025-11-11 19:55:17.981 [info] > git for-each-ref --sort -committerdate --format %(refname)%00%(objectname)%00%(*objectname) [3ms]
2025-11-11 19:55:18.005 [info] > git status -z -uall [34ms]
2025-11-11 19:55:23.019 [info] > git config --get commit.template [6ms]
2025-11-11 19:55:23.020 [info] > git for-each-ref --format=%(refname)%00%(upstream:short)%00%(objectname)%00%(upstream:track)%00%(upstream:remotename)%00%(upstream:remoteref) refs/heads/main refs/remotes/main [2ms]
2025-11-11 19:55:23.037 [info] > git for-each-ref --sort -committerdate --format %(refname)%00%(objectname)%00%(*objectname) [2ms]
2025-11-11 19:55:23.059 [info] > git status -z -uall [33ms]
2025-11-11 19:55:54.250 [info] > git config --get commit.template [2ms]
2025-11-11 19:55:54.257 [info] > git for-each-ref --format=%(refname)%00%(upstream:short)%00%(objectname)%00%(upstream:track)%00%(upstream:remotename)%00%(upstream:remoteref) refs/heads/main refs/remotes/main [2ms]
2025-11-11 19:55:54.273 [info] > git for-each-ref --sort -committerdate --format %(refname)%00%(objectname)%00%(*objectname) [2ms]
2025-11-11 19:55:54.300 [info] > git status -z -uall [38ms]
2025-11-11 19:55:59.315 [info] > git config --get commit.template [7ms]
2025-11-11 19:55:59.316 [info] > git for-each-ref --format=%(refname)%00%(upstream:short)%00%(objectname)%00%(upstream:track)%00%(upstream:remotename)%00%(upstream:remoteref) refs/heads/main refs/remotes/main [2ms]
2025-11-11 19:55:59.335 [info] > git for-each-ref --sort -committerdate --format %(refname)%00%(objectname)%00%(*objectname) [2ms]
2025-11-11 19:55:59.358 [info] > git status -z -uall [36ms]
2025-11-11 19:56:04.373 [info] > git config --get commit.template [6ms]
2025-11-11 19:56:04.375 [info] > git for-each-ref --format=%(refname)%00%(upstream:short)%00%(objectname)%00%(upstream:track)%00%(upstream:remotename)%00%(upstream:remoteref) refs/heads/main refs/remotes/main [3ms]
2025-11-11 19:56:04.389 [info] > git for-each-ref --sort -committerdate --format %(refname)%00%(objectname)%00%(*objectname) [2ms]
2025-11-11 19:56:04.414 [info] > git status -z -uall [34ms]
2025-11-11 19:56:09.425 [info] > git config --get commit.template [2ms]
2025-11-11 19:56:09.432 [info] > git for-each-ref --format=%(refname)%00%(upstream:short)%00%(objectname)%00%(upstream:track)%00%(upstream:remotename)%00%(upstream:remoteref) refs/heads/main refs/remotes/main [2ms]
2025-11-11 19:56:09.447 [info] > git for-each-ref --sort -committerdate --format %(refname)%00%(objectname)%00%(*objectname) [2ms]
2025-11-11 19:56:09.471 [info] > git status -z -uall [34ms]
2025-11-11 19:56:14.481 [info] > git config --get commit.template [1ms]
2025-11-11 19:56:14.488 [info] > git for-each-ref --format=%(refname)%00%(upstream:short)%00%(objectname)%00%(upstream:track)%00%(upstream:remotename)%00%(upstream:remoteref) refs/heads/main refs/remotes/main [2ms]
2025-11-11 19:56:14.507 [info] > git for-each-ref --sort -committerdate --format %(refname)%00%(objectname)%00%(*objectname) [1ms]
2025-11-11 19:56:14.530 [info] > git status -z -uall [35ms]
2025-11-11 19:56:19.545 [info] > git config --get commit.template [7ms]
2025-11-11 19:56:19.547 [info] > git for-each-ref --format=%(refname)%00%(upstream:short)%00%(objectname)%00%(upstream:track)%00%(upstream:remotename)%00%(upstream:remoteref) refs/heads/main refs/remotes/main [2ms]
2025-11-11 19:56:19.563 [info] > git for-each-ref --sort -committerdate --format %(refname)%00%(objectname)%00%(*objectname) [2ms]
2025-11-11 19:56:19.587 [info] > git status -z -uall [34ms]
2025-11-11 19:56:24.602 [info] > git config --get commit.template [6ms]
2025-11-11 19:56:24.603 [info] > git for-each-ref --format=%(refname)%00%(upstream:short)%00%(objectname)%00%(upstream:track)%00%(upstream:remotename)%00%(upstream:remoteref) refs/heads/main refs/remotes/main [2ms]
2025-11-11 19:56:24.619 [info] > git for-each-ref --sort -committerdate --format %(refname)%00%(objectname)%00%(*objectname) [1ms]
2025-11-11 19:56:24.643 [info] > git status -z -uall [34ms]
2025-11-11 19:56:29.664 [info] > git config --get commit.template [9ms]
2025-11-11 19:56:29.666 [info] > git for-each-ref --format=%(refname)%00%(upstream:short)%00%(objectname)%00%(upstream:track)%00%(upstream:remotename)%00%(upstream:remoteref) refs/heads/main refs/remotes/main [3ms]
2025-11-11 19:56:29.687 [info] > git for-each-ref --sort -committerdate --format %(refname)%00%(objectname)%00%(*objectname) [6ms]
2025-11-11 19:56:29.720 [info] > git status -z -uall [47ms]
2025-11-11 19:56:44.603 [info] > git config --get commit.template [2ms]
2025-11-11 19:56:44.610 [info] > git for-each-ref --format=%(refname)%00%(upstream:short)%00%(objectname)%00%(upstream:track)%00%(upstream:remotename)%00%(upstream:remoteref) refs/heads/main refs/remotes/main [2ms]
2025-11-11 19:56:44.625 [info] > git for-each-ref --sort -committerdate --format %(refname)%00%(objectname)%00%(*objectname) [2ms]
2025-11-11 19:56:44.649 [info] > git status -z -uall [34ms]
2025-11-11 19:56:47.624 [info] > git show --textconv :server.js [6ms]
2025-11-11 19:56:47.627 [info] > git ls-files --stage -- server.js [3ms]
2025-11-11 19:56:47.635 [info] > git cat-file -s 3a67005dc505609ea7ebca73d56f14fd22c76925 [2ms]
2025-11-11 19:56:49.669 [info] > git config --get commit.template [8ms]
2025-11-11 19:56:49.671 [info] > git for-each-ref --format=%(refname)%00%(upstream:short)%00%(objectname)%00%(upstream:track)%00%(upstream:remotename)%00%(upstream:remoteref) refs/heads/main refs/remotes/main [3ms]
2025-11-11 19:56:49.693 [info] > git for-each-ref --sort -committerdate --format %(refname)%00%(objectname)%00%(*objectname) [2ms]
2025-11-11 19:56:49.717 [info] > git status -z -uall [38ms]
2025-11-11 19:56:54.766 [info] > git config --get commit.template [18ms]
2025-11-11 19:56:54.769 [info] > git for-each-ref --format=%(refname)%00%(upstream:short)%00%(objectname)%00%(upstream:track)%00%(upstream:remotename)%00%(upstream:remoteref) refs/heads/main refs/remotes/main [4ms]
2025-11-11 19:56:54.822 [info] > git for-each-ref --sort -committerdate --format %(refname)%00%(objectname)%00%(*objectname) [15ms]
2025-11-11 19:56:54.860 [info] > git status -z -uall [72ms]
2025-11-11 19:56:59.971 [info] > git config --get commit.template [2ms]
2025-11-11 19:56:59.978 [info] > git for-each-ref --format=%(refname)%00%(upstream:short)%00%(objectname)%00%(upstream:track)%00%(upstream:remotename)%00%(upstream:remoteref) refs/heads/main refs/remotes/main [2ms]
2025-11-11 19:56:59.994 [info] > git for-each-ref --sort -committerdate --format %(refname)%00%(objectname)%00%(*objectname) [2ms]
2025-11-11 19:57:00.020 [info] > git status -z -uall [36ms]
2025-11-11 19:57:16.057 [info] > git config --get commit.template [6ms]
2025-11-11 19:57:16.059 [info] > git for-each-ref --format=%(refname)%00%(upstream:short)%00%(objectname)%00%(upstream:track)%00%(upstream:remotename)%00%(upstream:remoteref) refs/heads/main refs/remotes/main [2ms]
2025-11-11 19:57:16.075 [info] > git for-each-ref --sort -committerdate --format %(refname)%00%(objectname)%00%(*objectname) [2ms]
2025-11-11 19:57:16.099 [info] > git status -z -uall [34ms]
