2025-11-03 03:51:16.240 [info] read schema from vscode: vscode://schemas/vscode-extensions
2025-11-03 03:51:16.506 [info] read schema from vscode: vscode://schemas/toolsParameters
2025-11-03 03:51:16.508 [info] read schema from vscode: vscode://schemas/settings/configurationDefaults
2025-11-03 03:51:21.293 [info] read schema from vscode: vscode://schemas/vscode-extensions
2025-11-03 03:51:21.458 [info] read schema from vscode: vscode://schemas/toolsParameters
2025-11-03 03:51:21.458 [info] read schema from vscode: vscode://schemas/settings/configurationDefaults
2025-11-03 03:51:21.772 [info] schema change detected vscode://schemas/settings/configurationDefaults
2025-11-03 03:51:21.791 [info] read schema from vscode: vscode://schemas/vscode-extensions
2025-11-03 03:51:21.996 [info] read schema from vscode: vscode://schemas/settings/configurationDefaults
2025-11-03 03:51:22.025 [info] schema change detected vscode://schemas/settings/configurationDefaults
2025-11-03 03:51:22.472 [info] schema change detected vscode://schemas/settings/configurationDefaults
2025-11-03 03:51:22.472 [info] schema change detected vscode://schemas/vscode-extensions
2025-11-03 03:51:22.546 [info] read schema from vscode: vscode://schemas/settings/resourceLanguage
2025-11-03 03:51:22.558 [info] read schema from vscode: vscode://schemas/token-styling
2025-11-03 03:51:22.558 [info] read schema from vscode: vscode://schemas/textmate-colors
2025-11-03 03:51:22.558 [info] read schema from vscode: vscode://schemas/workbench-colors
2025-11-03 03:51:23.083 [info] cancelled
2025-11-03 03:51:23.085 [info] read schema from vscode: vscode://schemas/vscode-extensions
2025-11-03 03:51:23.317 [info] read schema from vscode: vscode://schemas/settings/configurationDefaults
2025-11-03 03:51:23.912 [info] schema change detected vscode://schemas/settings/resourceLanguage
2025-11-03 03:51:23.917 [info] schema change detected vscode://schemas/settings/configurationDefaults
2025-11-03 03:51:24.105 [info] read schema from vscode: vscode://schemas/vscode-extensions
2025-11-03 03:51:24.319 [info] read schema from vscode: vscode://schemas/settings/configurationDefaults
2025-11-03 03:51:24.849 [info] read schema from vscode: vscode://schemas/settings/resourceLanguage
