2025-11-12 16:47:26.664 [info] [main] Log level: Info
2025-11-12 16:47:26.664 [info] [main] Validating found git in: "git"
2025-11-12 16:47:26.664 [info] [main] Using git "2.43.0" from "git"
2025-11-12 16:47:26.664 [info] [Model][doInitialScan] Initial repository scan started
2025-11-12 16:47:26.664 [info] > git rev-parse --show-toplevel [22ms]
2025-11-12 16:47:26.664 [info] > git rev-parse --git-dir --git-common-dir [5ms]
2025-11-12 16:47:26.664 [info] [Model][openRepository] Opened repository (path): /home/wavie3582
2025-11-12 16:47:26.664 [info] [Model][openRepository] Opened repository (real path): /home/wavie3582
2025-11-12 16:47:26.664 [info] > git rev-parse --show-toplevel [387ms]
2025-11-12 16:47:26.664 [info] > git config --get commit.template [400ms]
2025-11-12 16:47:26.664 [info] > git rev-parse --show-toplevel [463ms]
2025-11-12 16:47:26.664 [info] > git for-each-ref --format=%(refname)%00%(upstream:short)%00%(objectname)%00%(upstream:track)%00%(upstream:remotename)%00%(upstream:remoteref) refs/heads/main refs/remotes/main [3671ms]
2025-11-12 16:47:26.694 [info] > git check-ignore -v -z --stdin [3246ms]
2025-11-12 16:47:26.696 [info] > git rev-parse --show-toplevel [3243ms]
2025-11-12 16:47:27.021 [info] > git rev-parse --show-toplevel [264ms]
2025-11-12 16:47:27.124 [info] > git status -z -uall [80ms]
2025-11-12 16:47:27.125 [info] > git rev-parse --show-toplevel [33ms]
2025-11-12 16:47:27.125 [info] > git for-each-ref --sort -committerdate --format %(refname)%00%(objectname)%00%(*objectname) [47ms]
2025-11-12 16:47:27.295 [info] > git for-each-ref --format=%(refname)%00%(upstream:short)%00%(objectname)%00%(upstream:track)%00%(upstream:remotename)%00%(upstream:remoteref) refs/heads/main refs/remotes/main [70ms]
2025-11-12 16:47:27.317 [info] > git rev-parse --show-toplevel [160ms]
2025-11-12 16:47:27.520 [info] > git config --get --local branch.main.vscode-merge-base [203ms]
2025-11-12 16:47:27.525 [warning] [Git][config] git config failed: Failed to execute git
2025-11-12 16:47:27.543 [info] > git config --get commit.template [271ms]
2025-11-12 16:47:27.603 [info] > git rev-parse --show-toplevel [215ms]
2025-11-12 16:47:27.654 [info] > git rev-parse --show-toplevel [33ms]
2025-11-12 16:47:27.655 [info] [Model][doInitialScan] Initial repository scan completed - repositories (1), closed repositories (0), parent repositories (0), unsafe repositories (0)
2025-11-12 16:47:27.685 [info] > git for-each-ref --format=%(refname)%00%(upstream:short)%00%(objectname)%00%(upstream:track)%00%(upstream:remotename)%00%(upstream:remoteref) refs/heads/main refs/remotes/main [73ms]
2025-11-12 16:47:27.693 [info] > git show --textconv :server.js [21ms]
2025-11-12 16:47:27.695 [info] > git ls-files --stage -- server.js [11ms]
2025-11-12 16:47:27.728 [info] > git cat-file -s 7020d5a571feb65d61b1f1cf11ad23346c31a116 [13ms]
2025-11-12 16:47:27.763 [info] > git reflog main --grep-reflog=branch: Created from *. [220ms]
2025-11-12 16:47:27.778 [info] > git for-each-ref --sort -committerdate --format %(refname)%00%(objectname)%00%(*objectname) [18ms]
2025-11-12 16:47:27.780 [info] > git symbolic-ref --short refs/remotes/origin/HEAD [4ms]
2025-11-12 16:47:27.781 [info] fatal: ref refs/remotes/origin/HEAD is not a symbolic ref
2025-11-12 16:47:27.781 [warning] [Repository][getDefaultBranch] Failed to get default branch details: Failed to execute git.
2025-11-12 16:47:27.797 [info] > git status -z -uall [59ms]
2025-11-12 16:47:27.798 [info] > git merge-base refs/heads/main refs/remotes/origin/main [4ms]
2025-11-12 16:47:27.829 [info] > git merge-base refs/heads/main refs/remotes/origin/main [5ms]
2025-11-12 16:47:27.838 [info] > git diff --name-status -z --diff-filter=ADMR ba64bb536b9d4615f32ec4722b7a26d452977070...refs/remotes/origin/main [31ms]
2025-11-12 16:47:27.841 [info] > git diff --name-status -z --diff-filter=ADMR ba64bb536b9d4615f32ec4722b7a26d452977070...refs/remotes/origin/main [3ms]
2025-11-12 16:47:29.425 [info] > git blame --root --incremental ba64bb536b9d4615f32ec4722b7a26d452977070 -- server.js [214ms]
2025-11-12 16:47:31.370 [info] > git config --get commit.template [22ms]
2025-11-12 16:47:31.402 [info] > git for-each-ref --format=%(refname)%00%(upstream:short)%00%(objectname)%00%(upstream:track)%00%(upstream:remotename)%00%(upstream:remoteref) refs/heads/main refs/remotes/main [17ms]
2025-11-12 16:47:31.467 [info] > git for-each-ref --sort -committerdate --format %(refname)%00%(objectname)%00%(*objectname) [12ms]
2025-11-12 16:47:31.503 [info] > git status -z -uall [75ms]
2025-11-12 16:47:36.590 [info] > git config --get commit.template [11ms]
2025-11-12 16:47:36.638 [info] > git for-each-ref --format=%(refname)%00%(upstream:short)%00%(objectname)%00%(upstream:track)%00%(upstream:remotename)%00%(upstream:remoteref) refs/heads/main refs/remotes/main [12ms]
2025-11-12 16:47:36.731 [info] > git for-each-ref --sort -committerdate --format %(refname)%00%(objectname)%00%(*objectname) [11ms]
2025-11-12 16:47:36.807 [info] > git status -z -uall [123ms]
2025-11-12 16:47:49.100 [info] > git config --get commit.template [13ms]
2025-11-12 16:47:49.101 [info] > git for-each-ref --format=%(refname)%00%(upstream:short)%00%(objectname)%00%(upstream:track)%00%(upstream:remotename)%00%(upstream:remoteref) refs/heads/main refs/remotes/main [3ms]
2025-11-12 16:47:49.143 [info] > git for-each-ref --sort -committerdate --format %(refname)%00%(objectname)%00%(*objectname) [2ms]
2025-11-12 16:47:49.164 [info] > git status -z -uall [46ms]
2025-11-12 16:47:54.220 [info] > git config --get commit.template [13ms]
2025-11-12 16:47:54.222 [info] > git for-each-ref --format=%(refname)%00%(upstream:short)%00%(objectname)%00%(upstream:track)%00%(upstream:remotename)%00%(upstream:remoteref) refs/heads/main refs/remotes/main [3ms]
2025-11-12 16:47:54.254 [info] > git for-each-ref --sort -committerdate --format %(refname)%00%(objectname)%00%(*objectname) [3ms]
2025-11-12 16:47:54.276 [info] > git status -z -uall [42ms]
2025-11-12 16:48:03.406 [info] > git config --get commit.template [12ms]
2025-11-12 16:48:03.409 [info] > git for-each-ref --format=%(refname)%00%(upstream:short)%00%(objectname)%00%(upstream:track)%00%(upstream:remotename)%00%(upstream:remoteref) refs/heads/main refs/remotes/main [4ms]
2025-11-12 16:48:03.439 [info] > git for-each-ref --sort -committerdate --format %(refname)%00%(objectname)%00%(*objectname) [3ms]
2025-11-12 16:48:03.461 [info] > git status -z -uall [40ms]
