2025-10-28 04:16:57.972 [info] [main] Log level: Info
2025-10-28 04:16:57.972 [info] [main] Validating found git in: "git"
2025-10-28 04:16:57.972 [info] [main] Using git "2.43.0" from "git"
2025-10-28 04:16:57.972 [info] [Model][doInitialScan] Initial repository scan started
2025-10-28 04:16:57.972 [info] > git rev-parse --show-toplevel [2ms]
2025-10-28 04:16:57.972 [info] fatal: not a git repository (or any parent up to mount point /)
Stopping at filesystem boundary (GIT_DISCOVERY_ACROSS_FILESYSTEM not set).
2025-10-28 04:16:57.972 [info] > git rev-parse --show-toplevel [2ms]
2025-10-28 04:16:57.972 [info] fatal: not a git repository (or any parent up to mount point /)
Stopping at filesystem boundary (GIT_DISCOVERY_ACROSS_FILESYSTEM not set).
2025-10-28 04:16:57.972 [info] > git rev-parse --show-toplevel [1ms]
2025-10-28 04:16:57.972 [info] fatal: not a git repository (or any parent up to mount point /)
Stopping at filesystem boundary (GIT_DISCOVERY_ACROSS_FILESYSTEM not set).
2025-10-28 04:16:57.972 [info] > git rev-parse --show-toplevel [2ms]
2025-10-28 04:16:57.972 [info] fatal: not a git repository (or any parent up to mount point /)
Stopping at filesystem boundary (GIT_DISCOVERY_ACROSS_FILESYSTEM not set).
2025-10-28 04:16:57.972 [info] > git rev-parse --show-toplevel [2ms]
2025-10-28 04:16:57.972 [info] fatal: not a git repository (or any parent up to mount point /)
Stopping at filesystem boundary (GIT_DISCOVERY_ACROSS_FILESYSTEM not set).
2025-10-28 04:16:57.972 [info] > git rev-parse --show-toplevel [2ms]
2025-10-28 04:16:57.972 [info] fatal: not a git repository (or any parent up to mount point /)
Stopping at filesystem boundary (GIT_DISCOVERY_ACROSS_FILESYSTEM not set).
2025-10-28 04:16:57.972 [info] > git rev-parse --show-toplevel [20ms]
2025-10-28 04:16:57.972 [info] fatal: not a git repository (or any parent up to mount point /)
Stopping at filesystem boundary (GIT_DISCOVERY_ACROSS_FILESYSTEM not set).
2025-10-28 04:16:57.972 [info] > git rev-parse --show-toplevel [4ms]
2025-10-28 04:16:57.972 [info] fatal: not a git repository (or any parent up to mount point /)
Stopping at filesystem boundary (GIT_DISCOVERY_ACROSS_FILESYSTEM not set).
2025-10-28 04:16:57.972 [info] [Model][doInitialScan] Initial repository scan completed - repositories (0), closed repositories (0), parent repositories (0), unsafe repositories (0)
2025-10-28 04:16:57.973 [info] > git rev-parse --show-toplevel [3ms]
2025-10-28 04:16:57.973 [info] fatal: not a git repository (or any parent up to mount point /)
Stopping at filesystem boundary (GIT_DISCOVERY_ACROSS_FILESYSTEM not set).
2025-10-28 04:16:58.124 [info] > git rev-parse --show-toplevel [9ms]
2025-10-28 04:16:58.124 [info] fatal: not a git repository (or any parent up to mount point /)
Stopping at filesystem boundary (GIT_DISCOVERY_ACROSS_FILESYSTEM not set).
