2025-11-12 18:59:49.870 [info] read schema from vscode: vscode://schemas/vscode-extensions
2025-11-12 18:59:50.132 [info] read schema from vscode: vscode://schemas/toolsParameters
2025-11-12 18:59:50.133 [info] read schema from vscode: vscode://schemas/settings/configurationDefaults
2025-11-12 18:59:50.504 [info] cancelled
2025-11-12 18:59:51.216 [info] schema change detected vscode://schemas/settings/configurationDefaults
2025-11-12 18:59:51.227 [info] read schema from vscode: vscode://schemas/vscode-extensions
2025-11-12 18:59:51.543 [info] read schema from vscode: vscode://schemas/settings/configurationDefaults
2025-11-12 18:59:51.667 [info] schema change detected vscode://schemas/settings/configurationDefaults
2025-11-12 18:59:52.028 [info] read schema from vscode: vscode://schemas/settings/resourceLanguage
2025-11-12 18:59:52.054 [info] read schema from vscode: vscode://schemas/token-styling
2025-11-12 18:59:52.055 [info] read schema from vscode: vscode://schemas/textmate-colors
2025-11-12 18:59:52.055 [info] read schema from vscode: vscode://schemas/workbench-colors
2025-11-12 18:59:52.326 [info] schema change detected vscode://schemas/settings/configurationDefaults
2025-11-12 18:59:52.327 [info] cancelled
2025-11-12 18:59:52.328 [info] cancelled
2025-11-12 18:59:52.329 [info] read schema from vscode: vscode://schemas/vscode-extensions
2025-11-12 18:59:52.396 [info] schema change detected vscode://schemas/vscode-extensions
2025-11-12 18:59:52.499 [info] read schema from vscode: vscode://schemas/settings/configurationDefaults
2025-11-12 18:59:54.931 [info] cancelled
2025-11-12 18:59:54.932 [info] read schema from vscode: vscode://schemas/vscode-extensions
2025-11-12 19:00:03.107 [info] schema change detected vscode://schemas/settings/configurationDefaults
2025-11-12 19:00:03.167 [info] read schema from vscode: vscode://schemas/vscode-extensions
2025-11-12 19:00:04.153 [info] read schema from vscode: vscode://schemas/settings/configurationDefaults
2025-11-12 19:00:25.236 [info] schema change detected vscode://schemas/settings/configurationDefaults
2025-11-12 19:00:25.239 [info] read schema from vscode: vscode://schemas/vscode-extensions
2025-11-12 19:00:25.382 [info] read schema from vscode: vscode://schemas/settings/configurationDefaults
2025-11-12 20:00:22.027 [info] schema change detected vscode://schemas/settings/configurationDefaults
2025-11-12 20:00:22.034 [info] read schema from vscode: vscode://schemas/vscode-extensions
2025-11-12 20:00:22.177 [info] read schema from vscode: vscode://schemas/settings/configurationDefaults
